{"level":"info","message":"⌛ Validating mercados.wlk","timeElapsed":152,"timestamp":"2024-10-07T03:22:07.891Z"}
{"level":"info","message":"⌛ Validating mercados.wlk","timeElapsed":137,"timestamp":"2024-10-07T03:22:08.241Z"}
{"level":"info","message":"⌛ Building environment","timeElapsed":115,"timestamp":"2024-10-07T03:22:08.241Z"}
{"level":"error","message":"✘ Completions for node failed: Error: [Parameter]{306d66} at mercados.wlk:25 exhausted all cases without a match [Parameter]{306d66} at mercados.wlk:25 exhausted all cases without a match","stack":"Error: [Parameter]{306d66} at mercados.wlk:25 exhausted all cases without a match\n    at c:\\Users\\Franco\\.vscode\\extensions\\uqbar.wollok-lsp-ide-0.3.5\\out\\server\\src\\server.js:38:6067\n    at hh (c:\\Users\\Franco\\.vscode\\extensions\\uqbar.wollok-lsp-ide-0.3.5\\out\\server\\src\\server.js:2281:42)\n    at c:\\Users\\Franco\\.vscode\\extensions\\uqbar.wollok-lsp-ide-0.3.5\\out\\server\\src\\server.js:2281:2700\n    at c:\\Users\\Franco\\.vscode\\extensions\\uqbar.wollok-lsp-ide-0.3.5\\out\\server\\src\\server.js:2288:3774\n    at c:\\Users\\Franco\\.vscode\\extensions\\uqbar.wollok-lsp-ide-0.3.5\\out\\server\\src\\server.js:37:74872\n    at Fe (c:\\Users\\Franco\\.vscode\\extensions\\uqbar.wollok-lsp-ide-0.3.5\\out\\server\\src\\server.js:7:8527)\n    at Pt (c:\\Users\\Franco\\.vscode\\extensions\\uqbar.wollok-lsp-ide-0.3.5\\out\\server\\src\\server.js:7:6189)\n    at Gi (c:\\Users\\Franco\\.vscode\\extensions\\uqbar.wollok-lsp-ide-0.3.5\\out\\server\\src\\server.js:7:6378)\n    at Immediate._onImmediate (c:\\Users\\Franco\\.vscode\\extensions\\uqbar.wollok-lsp-ide-0.3.5\\out\\server\\src\\server.js:7:6142)\n    at process.processImmediate (node:internal/timers:478:21)","timestamp":"2024-10-07T03:22:08.264Z"}
{"level":"info","message":"⌛ Validating mercados.wlk","timeElapsed":159,"timestamp":"2024-10-07T03:22:08.427Z"}
{"level":"info","message":"⌛ Building environment","timeElapsed":101,"timestamp":"2024-10-07T03:22:08.529Z"}
{"level":"info","message":"⌛ Validating mercados.wlk","timeElapsed":139,"timestamp":"2024-10-07T03:22:08.668Z"}
{"level":"error","message":"✘ Completions for node failed: Error: [Parameter]{5b51d1} at mercados.wlk:25 exhausted all cases without a match [Parameter]{5b51d1} at mercados.wlk:25 exhausted all cases without a match","stack":"Error: [Parameter]{5b51d1} at mercados.wlk:25 exhausted all cases without a match\n    at c:\\Users\\Franco\\.vscode\\extensions\\uqbar.wollok-lsp-ide-0.3.5\\out\\server\\src\\server.js:38:6067\n    at hh (c:\\Users\\Franco\\.vscode\\extensions\\uqbar.wollok-lsp-ide-0.3.5\\out\\server\\src\\server.js:2281:42)\n    at c:\\Users\\Franco\\.vscode\\extensions\\uqbar.wollok-lsp-ide-0.3.5\\out\\server\\src\\server.js:2281:2700\n    at c:\\Users\\Franco\\.vscode\\extensions\\uqbar.wollok-lsp-ide-0.3.5\\out\\server\\src\\server.js:2288:3774\n    at c:\\Users\\Franco\\.vscode\\extensions\\uqbar.wollok-lsp-ide-0.3.5\\out\\server\\src\\server.js:37:74872\n    at Fe (c:\\Users\\Franco\\.vscode\\extensions\\uqbar.wollok-lsp-ide-0.3.5\\out\\server\\src\\server.js:7:8527)\n    at Pt (c:\\Users\\Franco\\.vscode\\extensions\\uqbar.wollok-lsp-ide-0.3.5\\out\\server\\src\\server.js:7:6189)\n    at Gi (c:\\Users\\Franco\\.vscode\\extensions\\uqbar.wollok-lsp-ide-0.3.5\\out\\server\\src\\server.js:7:6378)\n    at Immediate._onImmediate (c:\\Users\\Franco\\.vscode\\extensions\\uqbar.wollok-lsp-ide-0.3.5\\out\\server\\src\\server.js:7:6142)\n    at process.processImmediate (node:internal/timers:478:21)","timestamp":"2024-10-07T03:22:08.786Z"}
{"level":"info","message":"⌛ Validating mercados.wlk","timeElapsed":138,"timestamp":"2024-10-07T03:22:08.925Z"}
{"level":"info","message":"⌛ Validating mercados.wlk","timeElapsed":137,"timestamp":"2024-10-07T03:22:09.063Z"}
{"level":"info","message":"onRequest - completionItem/resolve","timestamp":"2024-10-07T03:22:09.065Z"}
{"level":"error","message":"✘ Completions for node failed: Error: [Parameter]{290001} at mercados.wlk:25 exhausted all cases without a match [Parameter]{290001} at mercados.wlk:25 exhausted all cases without a match","stack":"Error: [Parameter]{290001} at mercados.wlk:25 exhausted all cases without a match\n    at c:\\Users\\Franco\\.vscode\\extensions\\uqbar.wollok-lsp-ide-0.3.5\\out\\server\\src\\server.js:38:6067\n    at hh (c:\\Users\\Franco\\.vscode\\extensions\\uqbar.wollok-lsp-ide-0.3.5\\out\\server\\src\\server.js:2281:42)\n    at c:\\Users\\Franco\\.vscode\\extensions\\uqbar.wollok-lsp-ide-0.3.5\\out\\server\\src\\server.js:2281:2700\n    at c:\\Users\\Franco\\.vscode\\extensions\\uqbar.wollok-lsp-ide-0.3.5\\out\\server\\src\\server.js:2288:3774\n    at c:\\Users\\Franco\\.vscode\\extensions\\uqbar.wollok-lsp-ide-0.3.5\\out\\server\\src\\server.js:37:74872\n    at Fe (c:\\Users\\Franco\\.vscode\\extensions\\uqbar.wollok-lsp-ide-0.3.5\\out\\server\\src\\server.js:7:8527)\n    at Pt (c:\\Users\\Franco\\.vscode\\extensions\\uqbar.wollok-lsp-ide-0.3.5\\out\\server\\src\\server.js:7:6189)\n    at Gi (c:\\Users\\Franco\\.vscode\\extensions\\uqbar.wollok-lsp-ide-0.3.5\\out\\server\\src\\server.js:7:6378)\n    at Immediate._onImmediate (c:\\Users\\Franco\\.vscode\\extensions\\uqbar.wollok-lsp-ide-0.3.5\\out\\server\\src\\server.js:7:6142)\n    at process.processImmediate (node:internal/timers:478:21)","timestamp":"2024-10-07T03:22:09.345Z"}
{"level":"info","message":"⌛ Validating mercados.wlk","timeElapsed":201,"timestamp":"2024-10-07T03:22:09.550Z"}
{"level":"info","message":"onRequest - completionItem/resolve","timestamp":"2024-10-07T03:22:09.550Z"}
{"level":"info","message":"⌛ Building environment","timeElapsed":123,"timestamp":"2024-10-07T03:22:09.674Z"}
{"level":"error","message":"✘ Completions for node failed: Error: [Parameter]{c1ee87} at mercados.wlk:25 exhausted all cases without a match [Parameter]{c1ee87} at mercados.wlk:25 exhausted all cases without a match","stack":"Error: [Parameter]{c1ee87} at mercados.wlk:25 exhausted all cases without a match\n    at c:\\Users\\Franco\\.vscode\\extensions\\uqbar.wollok-lsp-ide-0.3.5\\out\\server\\src\\server.js:38:6067\n    at hh (c:\\Users\\Franco\\.vscode\\extensions\\uqbar.wollok-lsp-ide-0.3.5\\out\\server\\src\\server.js:2281:42)\n    at c:\\Users\\Franco\\.vscode\\extensions\\uqbar.wollok-lsp-ide-0.3.5\\out\\server\\src\\server.js:2281:2700\n    at c:\\Users\\Franco\\.vscode\\extensions\\uqbar.wollok-lsp-ide-0.3.5\\out\\server\\src\\server.js:2288:3774\n    at c:\\Users\\Franco\\.vscode\\extensions\\uqbar.wollok-lsp-ide-0.3.5\\out\\server\\src\\server.js:37:74872\n    at Fe (c:\\Users\\Franco\\.vscode\\extensions\\uqbar.wollok-lsp-ide-0.3.5\\out\\server\\src\\server.js:7:8527)\n    at Pt (c:\\Users\\Franco\\.vscode\\extensions\\uqbar.wollok-lsp-ide-0.3.5\\out\\server\\src\\server.js:7:6189)\n    at Gi (c:\\Users\\Franco\\.vscode\\extensions\\uqbar.wollok-lsp-ide-0.3.5\\out\\server\\src\\server.js:7:6378)\n    at Immediate._onImmediate (c:\\Users\\Franco\\.vscode\\extensions\\uqbar.wollok-lsp-ide-0.3.5\\out\\server\\src\\server.js:7:6142)\n    at process.processImmediate (node:internal/timers:478:21)","timestamp":"2024-10-07T03:22:09.705Z"}
{"level":"info","message":"⌛ Building environment","timeElapsed":155,"timestamp":"2024-10-07T03:22:09.869Z"}
{"level":"info","message":"⌛ Validating mercados.wlk","timeElapsed":147,"timestamp":"2024-10-07T03:22:10.021Z"}
{"level":"error","message":"✘ Completions for node failed: Error: [Parameter]{ecb98c} at mercados.wlk:25 exhausted all cases without a match [Parameter]{ecb98c} at mercados.wlk:25 exhausted all cases without a match","stack":"Error: [Parameter]{ecb98c} at mercados.wlk:25 exhausted all cases without a match\n    at c:\\Users\\Franco\\.vscode\\extensions\\uqbar.wollok-lsp-ide-0.3.5\\out\\server\\src\\server.js:38:6067\n    at hh (c:\\Users\\Franco\\.vscode\\extensions\\uqbar.wollok-lsp-ide-0.3.5\\out\\server\\src\\server.js:2281:42)\n    at c:\\Users\\Franco\\.vscode\\extensions\\uqbar.wollok-lsp-ide-0.3.5\\out\\server\\src\\server.js:2281:2700\n    at c:\\Users\\Franco\\.vscode\\extensions\\uqbar.wollok-lsp-ide-0.3.5\\out\\server\\src\\server.js:2288:3774\n    at c:\\Users\\Franco\\.vscode\\extensions\\uqbar.wollok-lsp-ide-0.3.5\\out\\server\\src\\server.js:37:74872\n    at Fe (c:\\Users\\Franco\\.vscode\\extensions\\uqbar.wollok-lsp-ide-0.3.5\\out\\server\\src\\server.js:7:8527)\n    at Pt (c:\\Users\\Franco\\.vscode\\extensions\\uqbar.wollok-lsp-ide-0.3.5\\out\\server\\src\\server.js:7:6189)\n    at Gi (c:\\Users\\Franco\\.vscode\\extensions\\uqbar.wollok-lsp-ide-0.3.5\\out\\server\\src\\server.js:7:6378)\n    at Immediate._onImmediate (c:\\Users\\Franco\\.vscode\\extensions\\uqbar.wollok-lsp-ide-0.3.5\\out\\server\\src\\server.js:7:6142)\n    at process.processImmediate (node:internal/timers:478:21)","timestamp":"2024-10-07T03:22:10.140Z"}
{"level":"info","message":"⌛ Validating mercados.wlk","timeElapsed":142,"timestamp":"2024-10-07T03:22:10.286Z"}
{"level":"info","message":"⌛ Validating mercados.wlk","timeElapsed":140,"timestamp":"2024-10-07T03:22:10.426Z"}
{"level":"info","message":"onRequest - completionItem/resolve","timestamp":"2024-10-07T03:22:10.431Z"}
{"level":"error","message":"✘ Completions for node failed: Error: [Parameter]{cdefd6} at mercados.wlk:25 exhausted all cases without a match [Parameter]{cdefd6} at mercados.wlk:25 exhausted all cases without a match","stack":"Error: [Parameter]{cdefd6} at mercados.wlk:25 exhausted all cases without a match\n    at c:\\Users\\Franco\\.vscode\\extensions\\uqbar.wollok-lsp-ide-0.3.5\\out\\server\\src\\server.js:38:6067\n    at hh (c:\\Users\\Franco\\.vscode\\extensions\\uqbar.wollok-lsp-ide-0.3.5\\out\\server\\src\\server.js:2281:42)\n    at c:\\Users\\Franco\\.vscode\\extensions\\uqbar.wollok-lsp-ide-0.3.5\\out\\server\\src\\server.js:2281:2700\n    at c:\\Users\\Franco\\.vscode\\extensions\\uqbar.wollok-lsp-ide-0.3.5\\out\\server\\src\\server.js:2288:3774\n    at c:\\Users\\Franco\\.vscode\\extensions\\uqbar.wollok-lsp-ide-0.3.5\\out\\server\\src\\server.js:37:74872\n    at Fe (c:\\Users\\Franco\\.vscode\\extensions\\uqbar.wollok-lsp-ide-0.3.5\\out\\server\\src\\server.js:7:8527)\n    at Pt (c:\\Users\\Franco\\.vscode\\extensions\\uqbar.wollok-lsp-ide-0.3.5\\out\\server\\src\\server.js:7:6189)\n    at Gi (c:\\Users\\Franco\\.vscode\\extensions\\uqbar.wollok-lsp-ide-0.3.5\\out\\server\\src\\server.js:7:6378)\n    at Immediate._onImmediate (c:\\Users\\Franco\\.vscode\\extensions\\uqbar.wollok-lsp-ide-0.3.5\\out\\server\\src\\server.js:7:6142)\n    at process.processImmediate (node:internal/timers:478:21)","timestamp":"2024-10-07T03:22:10.557Z"}
{"level":"info","message":"⌛ Validating mercados.wlk","timeElapsed":134,"timestamp":"2024-10-07T03:22:10.790Z"}
{"level":"info","message":"⌛ Building environment","timeElapsed":174,"timestamp":"2024-10-07T03:22:10.965Z"}
{"level":"error","message":"✘ Completions for node failed: Error: [Parameter]{9fb63f} at mercados.wlk:25 exhausted all cases without a match [Parameter]{9fb63f} at mercados.wlk:25 exhausted all cases without a match","stack":"Error: [Parameter]{9fb63f} at mercados.wlk:25 exhausted all cases without a match\n    at c:\\Users\\Franco\\.vscode\\extensions\\uqbar.wollok-lsp-ide-0.3.5\\out\\server\\src\\server.js:38:6067\n    at hh (c:\\Users\\Franco\\.vscode\\extensions\\uqbar.wollok-lsp-ide-0.3.5\\out\\server\\src\\server.js:2281:42)\n    at c:\\Users\\Franco\\.vscode\\extensions\\uqbar.wollok-lsp-ide-0.3.5\\out\\server\\src\\server.js:2281:2700\n    at c:\\Users\\Franco\\.vscode\\extensions\\uqbar.wollok-lsp-ide-0.3.5\\out\\server\\src\\server.js:2288:3774\n    at c:\\Users\\Franco\\.vscode\\extensions\\uqbar.wollok-lsp-ide-0.3.5\\out\\server\\src\\server.js:37:74872\n    at Fe (c:\\Users\\Franco\\.vscode\\extensions\\uqbar.wollok-lsp-ide-0.3.5\\out\\server\\src\\server.js:7:8527)\n    at Pt (c:\\Users\\Franco\\.vscode\\extensions\\uqbar.wollok-lsp-ide-0.3.5\\out\\server\\src\\server.js:7:6189)\n    at Gi (c:\\Users\\Franco\\.vscode\\extensions\\uqbar.wollok-lsp-ide-0.3.5\\out\\server\\src\\server.js:7:6378)\n    at Immediate._onImmediate (c:\\Users\\Franco\\.vscode\\extensions\\uqbar.wollok-lsp-ide-0.3.5\\out\\server\\src\\server.js:7:6142)\n    at process.processImmediate (node:internal/timers:478:21)","timestamp":"2024-10-07T03:22:10.990Z"}
{"level":"info","message":"⌛ Validating mercados.wlk","timeElapsed":130,"timestamp":"2024-10-07T03:22:11.125Z"}
{"level":"info","message":"⌛ Validating mercados.wlk","timeElapsed":145,"timestamp":"2024-10-07T03:22:11.270Z"}
{"level":"info","message":"onRequest - completionItem/resolve","timestamp":"2024-10-07T03:22:11.271Z"}
{"level":"info","message":"⌛ Validating mercados.wlk","timeElapsed":125,"timestamp":"2024-10-07T03:22:12.795Z"}
{"level":"info","message":"⌛ Validating mercados.wlk","timeElapsed":148,"timestamp":"2024-10-07T03:22:18.590Z"}
{"level":"info","message":"onRequest - completionItem/resolve","timestamp":"2024-10-07T03:22:18.591Z"}
{"level":"info","message":"onRequest - completionItem/resolve","timestamp":"2024-10-07T03:22:18.686Z"}
{"level":"info","message":"onRequest - completionItem/resolve","timestamp":"2024-10-07T03:22:18.784Z"}
{"level":"info","message":"⌛ Validating mercados.wlk","timeElapsed":148,"timestamp":"2024-10-07T03:22:18.933Z"}
{"level":"info","message":"⌛ Validating mercados.wlk","timeElapsed":137,"timestamp":"2024-10-07T03:22:19.070Z"}
{"level":"info","message":"⌛ Building environment","timeElapsed":187,"timestamp":"2024-10-07T03:22:19.472Z"}
{"level":"info","message":"⌛ Validating mercados.wlk","timeElapsed":159,"timestamp":"2024-10-07T03:22:19.632Z"}
{"level":"info","message":"⌛ Building environment","timeElapsed":114,"timestamp":"2024-10-07T03:22:19.747Z"}
{"level":"info","message":"⌛ Validating mercados.wlk","timeElapsed":125,"timestamp":"2024-10-07T03:22:19.872Z"}
{"level":"info","message":"⌛ Validating mercados.wlk","timeElapsed":133,"timestamp":"2024-10-07T03:22:20.013Z"}
{"level":"info","message":"⌛ Validating mercados.wlk","timeElapsed":124,"timestamp":"2024-10-07T03:22:20.138Z"}
{"level":"info","message":"⌛ Validating mercados.wlk","timeElapsed":136,"timestamp":"2024-10-07T03:22:36.918Z"}
{"level":"info","message":"⌛ Validating mercados.wlk","timeElapsed":139,"timestamp":"2024-10-07T03:22:40.003Z"}
{"level":"info","message":"⌛ Building environment","timeElapsed":133,"timestamp":"2024-10-07T03:22:40.424Z"}
{"level":"info","message":"⌛ Building environment","timeElapsed":147,"timestamp":"2024-10-07T03:22:40.573Z"}
{"level":"info","message":"⌛ Building environment","timeElapsed":102,"timestamp":"2024-10-07T03:22:40.775Z"}
{"level":"info","message":"⌛ Validating mercados.wlk","timeElapsed":162,"timestamp":"2024-10-07T03:22:41.029Z"}
{"level":"info","message":"⌛ Building environment","timeElapsed":118,"timestamp":"2024-10-07T03:22:41.337Z"}
{"level":"info","message":"⌛ Validating mercados.wlk","timeElapsed":129,"timestamp":"2024-10-07T03:22:41.565Z"}
{"level":"info","message":"⌛ Validating mercados.wlk","timeElapsed":134,"timestamp":"2024-10-07T03:22:41.892Z"}
{"level":"info","message":"⌛ Validating mercados.wlk","timeElapsed":127,"timestamp":"2024-10-07T03:22:42.020Z"}
{"level":"info","message":"⌛ Validating mercados.wlk","timeElapsed":129,"timestamp":"2024-10-07T03:22:42.149Z"}
{"level":"info","message":"⌛ Validating mercados.wlk","timeElapsed":151,"timestamp":"2024-10-07T03:22:42.489Z"}
{"level":"info","message":"⌛ Validating mercados.wlk","timeElapsed":144,"timestamp":"2024-10-07T03:22:42.634Z"}
{"level":"info","message":"⌛ Validating mercados.wlk","timeElapsed":148,"timestamp":"2024-10-07T03:22:42.869Z"}
{"level":"info","message":"⌛ Validating mercados.wlk","timeElapsed":143,"timestamp":"2024-10-07T03:22:43.102Z"}
{"level":"info","message":"⌛ Validating mercados.wlk","timeElapsed":138,"timestamp":"2024-10-07T03:22:43.246Z"}
{"level":"info","message":"⌛ Validating mercados.wlk","timeElapsed":128,"timestamp":"2024-10-07T03:22:43.375Z"}
{"level":"info","message":"⌛ Building environment","timeElapsed":167,"timestamp":"2024-10-07T03:22:43.542Z"}
{"level":"info","message":"⌛ Validating mercados.wlk","timeElapsed":131,"timestamp":"2024-10-07T03:22:43.681Z"}
{"level":"info","message":"⌛ Validating mercados.wlk","timeElapsed":137,"timestamp":"2024-10-07T03:22:43.819Z"}
{"level":"error","message":"✘ Completions for node failed: Error: [Send]{50664a} at mercados.wlk:26 exhausted all cases without a match [Send]{50664a} at mercados.wlk:26 exhausted all cases without a match","stack":"Error: [Send]{50664a} at mercados.wlk:26 exhausted all cases without a match\n    at c:\\Users\\Franco\\.vscode\\extensions\\uqbar.wollok-lsp-ide-0.3.5\\out\\server\\src\\server.js:38:6067\n    at hh (c:\\Users\\Franco\\.vscode\\extensions\\uqbar.wollok-lsp-ide-0.3.5\\out\\server\\src\\server.js:2281:42)\n    at vh (c:\\Users\\Franco\\.vscode\\extensions\\uqbar.wollok-lsp-ide-0.3.5\\out\\server\\src\\server.js:2281:1004)\n    at F5n (c:\\Users\\Franco\\.vscode\\extensions\\uqbar.wollok-lsp-ide-0.3.5\\out\\server\\src\\server.js:2281:1160)\n    at c:\\Users\\Franco\\.vscode\\extensions\\uqbar.wollok-lsp-ide-0.3.5\\out\\server\\src\\server.js:38:6056\n    at hh (c:\\Users\\Franco\\.vscode\\extensions\\uqbar.wollok-lsp-ide-0.3.5\\out\\server\\src\\server.js:2281:42)\n    at c:\\Users\\Franco\\.vscode\\extensions\\uqbar.wollok-lsp-ide-0.3.5\\out\\server\\src\\server.js:2281:2700\n    at c:\\Users\\Franco\\.vscode\\extensions\\uqbar.wollok-lsp-ide-0.3.5\\out\\server\\src\\server.js:2288:3774\n    at c:\\Users\\Franco\\.vscode\\extensions\\uqbar.wollok-lsp-ide-0.3.5\\out\\server\\src\\server.js:37:74872\n    at Fe (c:\\Users\\Franco\\.vscode\\extensions\\uqbar.wollok-lsp-ide-0.3.5\\out\\server\\src\\server.js:7:8527)","timestamp":"2024-10-07T03:22:43.951Z"}
{"level":"error","message":"✘ Completions for node failed: Error: [Return]{cbbb94} at mercados.wlk:26 exhausted all cases without a match [Return]{cbbb94} at mercados.wlk:26 exhausted all cases without a match","stack":"Error: [Return]{cbbb94} at mercados.wlk:26 exhausted all cases without a match\n    at c:\\Users\\Franco\\.vscode\\extensions\\uqbar.wollok-lsp-ide-0.3.5\\out\\server\\src\\server.js:38:6067\n    at hh (c:\\Users\\Franco\\.vscode\\extensions\\uqbar.wollok-lsp-ide-0.3.5\\out\\server\\src\\server.js:2281:42)\n    at vh (c:\\Users\\Franco\\.vscode\\extensions\\uqbar.wollok-lsp-ide-0.3.5\\out\\server\\src\\server.js:2281:1004)\n    at hh (c:\\Users\\Franco\\.vscode\\extensions\\uqbar.wollok-lsp-ide-0.3.5\\out\\server\\src\\server.js:2281:456)\n    at vh (c:\\Users\\Franco\\.vscode\\extensions\\uqbar.wollok-lsp-ide-0.3.5\\out\\server\\src\\server.js:2281:1004)\n    at F5n (c:\\Users\\Franco\\.vscode\\extensions\\uqbar.wollok-lsp-ide-0.3.5\\out\\server\\src\\server.js:2281:1160)\n    at c:\\Users\\Franco\\.vscode\\extensions\\uqbar.wollok-lsp-ide-0.3.5\\out\\server\\src\\server.js:38:6056\n    at hh (c:\\Users\\Franco\\.vscode\\extensions\\uqbar.wollok-lsp-ide-0.3.5\\out\\server\\src\\server.js:2281:42)\n    at c:\\Users\\Franco\\.vscode\\extensions\\uqbar.wollok-lsp-ide-0.3.5\\out\\server\\src\\server.js:2281:2700\n    at c:\\Users\\Franco\\.vscode\\extensions\\uqbar.wollok-lsp-ide-0.3.5\\out\\server\\src\\server.js:2288:3774","timestamp":"2024-10-07T03:22:43.951Z"}
{"level":"info","message":"⌛ Validating mercados.wlk","timeElapsed":140,"timestamp":"2024-10-07T03:22:44.290Z"}
{"level":"info","message":"⌛ Building environment","timeElapsed":164,"timestamp":"2024-10-07T03:22:44.455Z"}
{"level":"info","message":"⌛ Validating mercados.wlk","timeElapsed":157,"timestamp":"2024-10-07T03:22:44.613Z"}
{"level":"info","message":"⌛ Building environment","timeElapsed":116,"timestamp":"2024-10-07T03:22:44.730Z"}
{"level":"info","message":"⌛ Validating mercados.wlk","timeElapsed":134,"timestamp":"2024-10-07T03:22:44.870Z"}
{"level":"info","message":"⌛ Building environment","timeElapsed":102,"timestamp":"2024-10-07T03:22:44.972Z"}
{"level":"info","message":"⌛ Building environment","timeElapsed":102,"timestamp":"2024-10-07T03:22:45.075Z"}
{"level":"info","message":"⌛ Validating mercados.wlk","timeElapsed":140,"timestamp":"2024-10-07T03:22:45.216Z"}
{"level":"info","message":"onRequest - completionItem/resolve","timestamp":"2024-10-07T03:22:45.216Z"}
{"level":"info","message":"⌛ Validating mercados.wlk","timeElapsed":131,"timestamp":"2024-10-07T03:22:45.353Z"}
{"level":"info","message":"⌛ Validating mercados.wlk","timeElapsed":147,"timestamp":"2024-10-07T03:22:45.501Z"}
{"level":"info","message":"⌛ Validating mercados.wlk","timeElapsed":141,"timestamp":"2024-10-07T03:22:45.642Z"}
{"level":"info","message":"onRequest - completionItem/resolve","timestamp":"2024-10-07T03:22:45.734Z"}
{"level":"info","message":"⌛ Validating mercados.wlk","timeElapsed":133,"timestamp":"2024-10-07T03:22:45.867Z"}
{"level":"info","message":"onRequest - completionItem/resolve","timestamp":"2024-10-07T03:22:45.974Z"}
{"level":"info","message":"⌛ Validating mercados.wlk","timeElapsed":149,"timestamp":"2024-10-07T03:22:46.123Z"}
{"level":"info","message":"onRequest - completionItem/resolve","timestamp":"2024-10-07T03:22:46.222Z"}
{"level":"info","message":"⌛ Validating mercados.wlk","timeElapsed":130,"timestamp":"2024-10-07T03:22:46.353Z"}
{"level":"info","message":"onRequest - completionItem/resolve","timestamp":"2024-10-07T03:22:46.359Z"}
{"level":"info","message":"⌛ Validating mercados.wlk","timeElapsed":149,"timestamp":"2024-10-07T03:22:46.603Z"}
{"level":"info","message":"⌛ Validating mercados.wlk","timeElapsed":245,"timestamp":"2024-10-07T03:22:46.856Z"}
{"level":"info","message":"⌛ Validating mercados.wlk","timeElapsed":144,"timestamp":"2024-10-07T03:22:47.001Z"}
{"level":"info","message":"⌛ Validating mercados.wlk","timeElapsed":138,"timestamp":"2024-10-07T03:22:47.140Z"}
{"level":"info","message":"⌛ Building environment","timeElapsed":152,"timestamp":"2024-10-07T03:23:06.534Z"}
{"level":"info","message":"⌛ Validating mercados.wlk","timeElapsed":136,"timestamp":"2024-10-07T03:23:06.672Z"}
{"level":"info","message":"⌛ Validating mercados.wlk","timeElapsed":146,"timestamp":"2024-10-07T03:23:07.294Z"}
{"level":"info","message":"⌛ Building environment","timeElapsed":103,"timestamp":"2024-10-07T03:23:07.398Z"}
{"level":"info","message":"onRequest - completionItem/resolve","timestamp":"2024-10-07T03:23:07.399Z"}
{"level":"info","message":"⌛ Building environment","timeElapsed":134,"timestamp":"2024-10-07T03:23:07.533Z"}
{"level":"info","message":"onRequest - completionItem/resolve","timestamp":"2024-10-07T03:23:07.538Z"}
{"level":"info","message":"⌛ Validating mercados.wlk","timeElapsed":159,"timestamp":"2024-10-07T03:23:07.698Z"}
{"level":"info","message":"⌛ Validating mercados.wlk","timeElapsed":134,"timestamp":"2024-10-07T03:23:07.831Z"}
{"level":"info","message":"⌛ Building environment","timeElapsed":119,"timestamp":"2024-10-07T03:23:08.120Z"}
{"level":"info","message":"onRequest - completionItem/resolve","timestamp":"2024-10-07T03:23:08.120Z"}
{"level":"info","message":"⌛ Validating mercados.wlk","timeElapsed":162,"timestamp":"2024-10-07T03:23:08.283Z"}
{"level":"info","message":"⌛ Validating mercados.wlk","timeElapsed":150,"timestamp":"2024-10-07T03:23:08.564Z"}
{"level":"info","message":"onRequest - completionItem/resolve","timestamp":"2024-10-07T03:23:08.565Z"}
{"level":"info","message":"⌛ Building environment","timeElapsed":123,"timestamp":"2024-10-07T03:23:27.446Z"}
{"level":"info","message":"onRequest - completionItem/resolve","timestamp":"2024-10-07T03:23:27.447Z"}
{"level":"info","message":"⌛ Validating mercados.wlk","timeElapsed":133,"timestamp":"2024-10-07T03:23:27.580Z"}
{"level":"info","message":"⌛ Validating mercados.wlk","timeElapsed":150,"timestamp":"2024-10-07T03:23:28.628Z"}
{"level":"info","message":"⌛ Building environment","timeElapsed":145,"timestamp":"2024-10-07T03:23:28.773Z"}
{"level":"info","message":"⌛ Building environment","timeElapsed":101,"timestamp":"2024-10-07T03:23:28.875Z"}
{"level":"info","message":"⌛ Validating mercados.wlk","timeElapsed":153,"timestamp":"2024-10-07T03:23:29.028Z"}
{"level":"info","message":"⌛ Validating mercados.wlk","timeElapsed":134,"timestamp":"2024-10-07T03:23:29.163Z"}
{"level":"info","message":"⌛ Validating mercados.wlk","timeElapsed":138,"timestamp":"2024-10-07T03:23:29.683Z"}
{"level":"info","message":"⌛ Validating mercados.wlk","timeElapsed":147,"timestamp":"2024-10-07T03:23:30.019Z"}
{"level":"info","message":"⌛ Validating mercados.wlk","timeElapsed":131,"timestamp":"2024-10-07T03:23:30.150Z"}
{"level":"info","message":"⌛ Validating mercados.wlk","timeElapsed":155,"timestamp":"2024-10-07T03:23:30.410Z"}
{"level":"info","message":"⌛ Validating mercados.wlk","timeElapsed":141,"timestamp":"2024-10-07T03:23:30.648Z"}
{"level":"info","message":"⌛ Validating mercados.wlk","timeElapsed":127,"timestamp":"2024-10-07T03:23:30.887Z"}
{"level":"info","message":"⌛ Validating mercados.wlk","timeElapsed":140,"timestamp":"2024-10-07T03:23:31.198Z"}
{"level":"info","message":"⌛ Validating mercados.wlk","timeElapsed":143,"timestamp":"2024-10-07T03:23:31.828Z"}
{"level":"info","message":"⌛ Validating mercados.wlk","timeElapsed":147,"timestamp":"2024-10-07T03:23:32.067Z"}
{"level":"info","message":"⌛ Validating mercados.wlk","timeElapsed":224,"timestamp":"2024-10-07T03:23:32.383Z"}
{"level":"info","message":"⌛ Validating mercados.wlk","timeElapsed":135,"timestamp":"2024-10-07T03:23:32.617Z"}
{"level":"info","message":"⌛ Building environment","timeElapsed":135,"timestamp":"2024-10-07T03:23:33.201Z"}
{"level":"info","message":"⌛ Validating mercados.wlk","timeElapsed":138,"timestamp":"2024-10-07T03:23:33.370Z"}
{"level":"info","message":"⌛ Validating mercados.wlk","timeElapsed":140,"timestamp":"2024-10-07T03:23:33.921Z"}
{"level":"info","message":"⌛ Validating mercados.wlk","timeElapsed":137,"timestamp":"2024-10-07T03:23:34.917Z"}
{"level":"info","message":"⌛ Building environment","timeElapsed":116,"timestamp":"2024-10-07T03:23:35.033Z"}
{"level":"info","message":"⌛ Building environment","timeElapsed":105,"timestamp":"2024-10-07T03:23:35.160Z"}
{"level":"info","message":"⌛ Validating mercados.wlk","timeElapsed":149,"timestamp":"2024-10-07T03:23:35.310Z"}
{"level":"info","message":"⌛ Building environment","timeElapsed":111,"timestamp":"2024-10-07T03:23:35.459Z"}
{"level":"info","message":"⌛ Validating mercados.wlk","timeElapsed":148,"timestamp":"2024-10-07T03:23:35.639Z"}
{"level":"info","message":"⌛ Building environment","timeElapsed":106,"timestamp":"2024-10-07T03:23:35.746Z"}
{"level":"info","message":"⌛ Validating mercados.wlk","timeElapsed":147,"timestamp":"2024-10-07T03:23:35.893Z"}
{"level":"info","message":"⌛ Validating mercados.wlk","timeElapsed":137,"timestamp":"2024-10-07T03:23:36.035Z"}
{"level":"info","message":"⌛ Validating mercados.wlk","timeElapsed":133,"timestamp":"2024-10-07T03:23:37.401Z"}
{"level":"error","message":"✘ Completions for node failed: Error: [Send]{41439f} at mercados.wlk:13 exhausted all cases without a match [Send]{41439f} at mercados.wlk:13 exhausted all cases without a match","stack":"Error: [Send]{41439f} at mercados.wlk:13 exhausted all cases without a match\n    at c:\\Users\\Franco\\.vscode\\extensions\\uqbar.wollok-lsp-ide-0.3.5\\out\\server\\src\\server.js:38:6067\n    at hh (c:\\Users\\Franco\\.vscode\\extensions\\uqbar.wollok-lsp-ide-0.3.5\\out\\server\\src\\server.js:2281:42)\n    at vh (c:\\Users\\Franco\\.vscode\\extensions\\uqbar.wollok-lsp-ide-0.3.5\\out\\server\\src\\server.js:2281:1004)\n    at F5n (c:\\Users\\Franco\\.vscode\\extensions\\uqbar.wollok-lsp-ide-0.3.5\\out\\server\\src\\server.js:2281:1160)\n    at c:\\Users\\Franco\\.vscode\\extensions\\uqbar.wollok-lsp-ide-0.3.5\\out\\server\\src\\server.js:38:6056\n    at hh (c:\\Users\\Franco\\.vscode\\extensions\\uqbar.wollok-lsp-ide-0.3.5\\out\\server\\src\\server.js:2281:42)\n    at c:\\Users\\Franco\\.vscode\\extensions\\uqbar.wollok-lsp-ide-0.3.5\\out\\server\\src\\server.js:2281:2700\n    at c:\\Users\\Franco\\.vscode\\extensions\\uqbar.wollok-lsp-ide-0.3.5\\out\\server\\src\\server.js:2288:3774\n    at c:\\Users\\Franco\\.vscode\\extensions\\uqbar.wollok-lsp-ide-0.3.5\\out\\server\\src\\server.js:37:74872\n    at Fe (c:\\Users\\Franco\\.vscode\\extensions\\uqbar.wollok-lsp-ide-0.3.5\\out\\server\\src\\server.js:7:8527)","timestamp":"2024-10-07T03:23:38.771Z"}
{"level":"info","message":"⌛ Validating mercados.wlk","timeElapsed":132,"timestamp":"2024-10-07T03:23:38.907Z"}
{"level":"info","message":"onRequest - completionItem/resolve","timestamp":"2024-10-07T03:23:38.907Z"}
{"level":"info","message":"⌛ Building environment","timeElapsed":113,"timestamp":"2024-10-07T03:23:39.083Z"}
{"level":"info","message":"⌛ Validating mercados.wlk","timeElapsed":146,"timestamp":"2024-10-07T03:23:39.241Z"}
{"level":"info","message":"⌛ Validating mercados.wlk","timeElapsed":147,"timestamp":"2024-10-07T03:23:39.587Z"}
{"level":"info","message":"⌛ Validating mercados.wlk","timeElapsed":133,"timestamp":"2024-10-07T03:23:39.721Z"}
{"level":"info","message":"⌛ Validating mercados.wlk","timeElapsed":125,"timestamp":"2024-10-07T03:23:40.065Z"}
{"level":"info","message":"⌛ Validating mercados.wlk","timeElapsed":127,"timestamp":"2024-10-07T03:23:43.215Z"}
{"level":"info","message":"⌛ Building environment","timeElapsed":108,"timestamp":"2024-10-07T03:23:43.417Z"}
{"level":"info","message":"⌛ Validating mercados.wlk","timeElapsed":130,"timestamp":"2024-10-07T03:23:43.553Z"}
{"level":"info","message":"⌛ Building environment","timeElapsed":106,"timestamp":"2024-10-07T03:23:43.973Z"}
{"level":"info","message":"⌛ Building environment","timeElapsed":104,"timestamp":"2024-10-07T03:23:44.107Z"}
{"level":"info","message":"⌛ Validating mercados.wlk","timeElapsed":137,"timestamp":"2024-10-07T03:23:44.244Z"}
{"level":"info","message":"onRequest - completionItem/resolve","timestamp":"2024-10-07T03:23:44.244Z"}
{"level":"info","message":"⌛ Validating mercados.wlk","timeElapsed":129,"timestamp":"2024-10-07T03:23:44.373Z"}
{"level":"info","message":"⌛ Validating mercados.wlk","timeElapsed":141,"timestamp":"2024-10-07T03:23:44.668Z"}
{"level":"info","message":"⌛ Building environment","timeElapsed":102,"timestamp":"2024-10-07T03:23:45.589Z"}
{"level":"info","message":"⌛ Validating mercados.wlk","timeElapsed":134,"timestamp":"2024-10-07T03:23:45.724Z"}
{"level":"info","message":"onRequest - completionItem/resolve","timestamp":"2024-10-07T03:23:45.724Z"}
{"level":"info","message":"⌛ Building environment","timeElapsed":101,"timestamp":"2024-10-07T03:23:45.825Z"}
{"level":"info","message":"⌛ Validating mercados.wlk","timeElapsed":149,"timestamp":"2024-10-07T03:23:45.973Z"}
{"level":"info","message":"⌛ Building environment","timeElapsed":110,"timestamp":"2024-10-07T03:23:46.138Z"}
{"level":"info","message":"⌛ Validating mercados.wlk","timeElapsed":148,"timestamp":"2024-10-07T03:23:46.286Z"}
{"level":"info","message":"⌛ Validating mercados.wlk","timeElapsed":139,"timestamp":"2024-10-07T03:23:46.434Z"}
{"level":"info","message":"⌛ Building environment","timeElapsed":118,"timestamp":"2024-10-07T03:23:46.552Z"}
{"level":"info","message":"⌛ Building environment","timeElapsed":113,"timestamp":"2024-10-07T03:23:46.759Z"}
{"level":"info","message":"⌛ Validating mercados.wlk","timeElapsed":140,"timestamp":"2024-10-07T03:23:46.899Z"}
{"level":"info","message":"⌛ Validating mercados.wlk","timeElapsed":135,"timestamp":"2024-10-07T03:23:47.036Z"}
{"level":"info","message":"⌛ Validating mercados.wlk","timeElapsed":142,"timestamp":"2024-10-07T03:23:47.302Z"}
{"level":"info","message":"⌛ Building environment","timeElapsed":118,"timestamp":"2024-10-07T03:23:48.514Z"}
{"level":"info","message":"⌛ Validating mercados.wlk","timeElapsed":146,"timestamp":"2024-10-07T03:23:48.689Z"}
{"level":"info","message":"⌛ Validating mercados.wlk","timeElapsed":134,"timestamp":"2024-10-07T03:23:48.951Z"}
{"level":"info","message":"⌛ Validating mercados.wlk","timeElapsed":159,"timestamp":"2024-10-07T03:23:49.310Z"}
{"level":"info","message":"⌛ Validating mercados.wlk","timeElapsed":141,"timestamp":"2024-10-07T03:23:49.474Z"}
{"level":"info","message":"⌛ Validating mercados.wlk","timeElapsed":135,"timestamp":"2024-10-07T03:23:49.713Z"}
{"level":"error","message":"✘ Completions for node failed: Error: [Parameter]{a4fc63} at mercados.wlk:17 exhausted all cases without a match [Parameter]{a4fc63} at mercados.wlk:17 exhausted all cases without a match","stack":"Error: [Parameter]{a4fc63} at mercados.wlk:17 exhausted all cases without a match\n    at c:\\Users\\Franco\\.vscode\\extensions\\uqbar.wollok-lsp-ide-0.3.5\\out\\server\\src\\server.js:38:6067\n    at hh (c:\\Users\\Franco\\.vscode\\extensions\\uqbar.wollok-lsp-ide-0.3.5\\out\\server\\src\\server.js:2281:42)\n    at c:\\Users\\Franco\\.vscode\\extensions\\uqbar.wollok-lsp-ide-0.3.5\\out\\server\\src\\server.js:2281:2700\n    at c:\\Users\\Franco\\.vscode\\extensions\\uqbar.wollok-lsp-ide-0.3.5\\out\\server\\src\\server.js:2288:3774\n    at c:\\Users\\Franco\\.vscode\\extensions\\uqbar.wollok-lsp-ide-0.3.5\\out\\server\\src\\server.js:37:74872\n    at Fe (c:\\Users\\Franco\\.vscode\\extensions\\uqbar.wollok-lsp-ide-0.3.5\\out\\server\\src\\server.js:7:8527)\n    at Pt (c:\\Users\\Franco\\.vscode\\extensions\\uqbar.wollok-lsp-ide-0.3.5\\out\\server\\src\\server.js:7:6189)\n    at Gi (c:\\Users\\Franco\\.vscode\\extensions\\uqbar.wollok-lsp-ide-0.3.5\\out\\server\\src\\server.js:7:6378)\n    at Immediate._onImmediate (c:\\Users\\Franco\\.vscode\\extensions\\uqbar.wollok-lsp-ide-0.3.5\\out\\server\\src\\server.js:7:6142)\n    at process.processImmediate (node:internal/timers:478:21)","timestamp":"2024-10-07T03:23:51.685Z"}
{"level":"info","message":"⌛ Building environment","timeElapsed":144,"timestamp":"2024-10-07T03:23:51.833Z"}
{"level":"info","message":"⌛ Validating mercados.wlk","timeElapsed":135,"timestamp":"2024-10-07T03:23:51.968Z"}
{"level":"info","message":"⌛ Building environment","timeElapsed":101,"timestamp":"2024-10-07T03:23:52.069Z"}
{"level":"error","message":"✘ Completions for node failed: Error: [Parameter]{e6289c} at mercados.wlk:17 exhausted all cases without a match [Parameter]{e6289c} at mercados.wlk:17 exhausted all cases without a match","stack":"Error: [Parameter]{e6289c} at mercados.wlk:17 exhausted all cases without a match\n    at c:\\Users\\Franco\\.vscode\\extensions\\uqbar.wollok-lsp-ide-0.3.5\\out\\server\\src\\server.js:38:6067\n    at hh (c:\\Users\\Franco\\.vscode\\extensions\\uqbar.wollok-lsp-ide-0.3.5\\out\\server\\src\\server.js:2281:42)\n    at c:\\Users\\Franco\\.vscode\\extensions\\uqbar.wollok-lsp-ide-0.3.5\\out\\server\\src\\server.js:2281:2700\n    at c:\\Users\\Franco\\.vscode\\extensions\\uqbar.wollok-lsp-ide-0.3.5\\out\\server\\src\\server.js:2288:3774\n    at c:\\Users\\Franco\\.vscode\\extensions\\uqbar.wollok-lsp-ide-0.3.5\\out\\server\\src\\server.js:37:74872\n    at Fe (c:\\Users\\Franco\\.vscode\\extensions\\uqbar.wollok-lsp-ide-0.3.5\\out\\server\\src\\server.js:7:8527)\n    at Pt (c:\\Users\\Franco\\.vscode\\extensions\\uqbar.wollok-lsp-ide-0.3.5\\out\\server\\src\\server.js:7:6189)\n    at Gi (c:\\Users\\Franco\\.vscode\\extensions\\uqbar.wollok-lsp-ide-0.3.5\\out\\server\\src\\server.js:7:6378)\n    at Immediate._onImmediate (c:\\Users\\Franco\\.vscode\\extensions\\uqbar.wollok-lsp-ide-0.3.5\\out\\server\\src\\server.js:7:6142)\n    at process.processImmediate (node:internal/timers:478:21)","timestamp":"2024-10-07T03:23:52.095Z"}
{"level":"info","message":"⌛ Validating mercados.wlk","timeElapsed":150,"timestamp":"2024-10-07T03:23:52.250Z"}
{"level":"info","message":"⌛ Validating mercados.wlk","timeElapsed":140,"timestamp":"2024-10-07T03:23:52.485Z"}
{"level":"error","message":"✘ Completions for node failed: Error: [Parameter]{94c5e5} at mercados.wlk:17 exhausted all cases without a match [Parameter]{94c5e5} at mercados.wlk:17 exhausted all cases without a match","stack":"Error: [Parameter]{94c5e5} at mercados.wlk:17 exhausted all cases without a match\n    at c:\\Users\\Franco\\.vscode\\extensions\\uqbar.wollok-lsp-ide-0.3.5\\out\\server\\src\\server.js:38:6067\n    at hh (c:\\Users\\Franco\\.vscode\\extensions\\uqbar.wollok-lsp-ide-0.3.5\\out\\server\\src\\server.js:2281:42)\n    at c:\\Users\\Franco\\.vscode\\extensions\\uqbar.wollok-lsp-ide-0.3.5\\out\\server\\src\\server.js:2281:2700\n    at c:\\Users\\Franco\\.vscode\\extensions\\uqbar.wollok-lsp-ide-0.3.5\\out\\server\\src\\server.js:2288:3774\n    at c:\\Users\\Franco\\.vscode\\extensions\\uqbar.wollok-lsp-ide-0.3.5\\out\\server\\src\\server.js:37:74872\n    at Fe (c:\\Users\\Franco\\.vscode\\extensions\\uqbar.wollok-lsp-ide-0.3.5\\out\\server\\src\\server.js:7:8527)\n    at Pt (c:\\Users\\Franco\\.vscode\\extensions\\uqbar.wollok-lsp-ide-0.3.5\\out\\server\\src\\server.js:7:6189)\n    at Gi (c:\\Users\\Franco\\.vscode\\extensions\\uqbar.wollok-lsp-ide-0.3.5\\out\\server\\src\\server.js:7:6378)\n    at Immediate._onImmediate (c:\\Users\\Franco\\.vscode\\extensions\\uqbar.wollok-lsp-ide-0.3.5\\out\\server\\src\\server.js:7:6142)\n    at process.processImmediate (node:internal/timers:478:21)","timestamp":"2024-10-07T03:23:52.604Z"}
{"level":"info","message":"⌛ Validating mercados.wlk","timeElapsed":139,"timestamp":"2024-10-07T03:23:52.745Z"}
{"level":"info","message":"⌛ Validating mercados.wlk","timeElapsed":147,"timestamp":"2024-10-07T03:23:52.893Z"}
{"level":"info","message":"onRequest - completionItem/resolve","timestamp":"2024-10-07T03:23:52.894Z"}
{"level":"error","message":"✘ Completions for node failed: Error: [Parameter]{c7969d} at mercados.wlk:17 exhausted all cases without a match [Parameter]{c7969d} at mercados.wlk:17 exhausted all cases without a match","stack":"Error: [Parameter]{c7969d} at mercados.wlk:17 exhausted all cases without a match\n    at c:\\Users\\Franco\\.vscode\\extensions\\uqbar.wollok-lsp-ide-0.3.5\\out\\server\\src\\server.js:38:6067\n    at hh (c:\\Users\\Franco\\.vscode\\extensions\\uqbar.wollok-lsp-ide-0.3.5\\out\\server\\src\\server.js:2281:42)\n    at c:\\Users\\Franco\\.vscode\\extensions\\uqbar.wollok-lsp-ide-0.3.5\\out\\server\\src\\server.js:2281:2700\n    at c:\\Users\\Franco\\.vscode\\extensions\\uqbar.wollok-lsp-ide-0.3.5\\out\\server\\src\\server.js:2288:3774\n    at c:\\Users\\Franco\\.vscode\\extensions\\uqbar.wollok-lsp-ide-0.3.5\\out\\server\\src\\server.js:37:74872\n    at Fe (c:\\Users\\Franco\\.vscode\\extensions\\uqbar.wollok-lsp-ide-0.3.5\\out\\server\\src\\server.js:7:8527)\n    at Pt (c:\\Users\\Franco\\.vscode\\extensions\\uqbar.wollok-lsp-ide-0.3.5\\out\\server\\src\\server.js:7:6189)\n    at Gi (c:\\Users\\Franco\\.vscode\\extensions\\uqbar.wollok-lsp-ide-0.3.5\\out\\server\\src\\server.js:7:6378)\n    at Immediate._onImmediate (c:\\Users\\Franco\\.vscode\\extensions\\uqbar.wollok-lsp-ide-0.3.5\\out\\server\\src\\server.js:7:6142)\n    at process.processImmediate (node:internal/timers:478:21)","timestamp":"2024-10-07T03:23:53.018Z"}
{"level":"info","message":"⌛ Validating mercados.wlk","timeElapsed":135,"timestamp":"2024-10-07T03:23:53.248Z"}
{"level":"info","message":"⌛ Validating mercados.wlk","timeElapsed":163,"timestamp":"2024-10-07T03:23:53.414Z"}
{"level":"info","message":"⌛ Building environment","timeElapsed":118,"timestamp":"2024-10-07T03:23:54.416Z"}
{"level":"error","message":"✘ Completions for node failed: Error: [Parameter]{bf0785} at mercados.wlk:17 exhausted all cases without a match [Parameter]{bf0785} at mercados.wlk:17 exhausted all cases without a match","stack":"Error: [Parameter]{bf0785} at mercados.wlk:17 exhausted all cases without a match\n    at c:\\Users\\Franco\\.vscode\\extensions\\uqbar.wollok-lsp-ide-0.3.5\\out\\server\\src\\server.js:38:6067\n    at hh (c:\\Users\\Franco\\.vscode\\extensions\\uqbar.wollok-lsp-ide-0.3.5\\out\\server\\src\\server.js:2281:42)\n    at c:\\Users\\Franco\\.vscode\\extensions\\uqbar.wollok-lsp-ide-0.3.5\\out\\server\\src\\server.js:2281:2700\n    at c:\\Users\\Franco\\.vscode\\extensions\\uqbar.wollok-lsp-ide-0.3.5\\out\\server\\src\\server.js:2288:3774\n    at c:\\Users\\Franco\\.vscode\\extensions\\uqbar.wollok-lsp-ide-0.3.5\\out\\server\\src\\server.js:37:74872\n    at Fe (c:\\Users\\Franco\\.vscode\\extensions\\uqbar.wollok-lsp-ide-0.3.5\\out\\server\\src\\server.js:7:8527)\n    at Pt (c:\\Users\\Franco\\.vscode\\extensions\\uqbar.wollok-lsp-ide-0.3.5\\out\\server\\src\\server.js:7:6189)\n    at Gi (c:\\Users\\Franco\\.vscode\\extensions\\uqbar.wollok-lsp-ide-0.3.5\\out\\server\\src\\server.js:7:6378)\n    at Immediate._onImmediate (c:\\Users\\Franco\\.vscode\\extensions\\uqbar.wollok-lsp-ide-0.3.5\\out\\server\\src\\server.js:7:6142)\n    at process.processImmediate (node:internal/timers:478:21)","timestamp":"2024-10-07T03:23:54.439Z"}
{"level":"info","message":"⌛ Validating mercados.wlk","timeElapsed":156,"timestamp":"2024-10-07T03:23:54.598Z"}
{"level":"info","message":"onRequest - completionItem/resolve","timestamp":"2024-10-07T03:23:54.599Z"}
{"level":"info","message":"⌛ Building environment","timeElapsed":113,"timestamp":"2024-10-07T03:23:54.713Z"}
{"level":"error","message":"✘ Completions for node failed: Error: [Parameter]{faa29e} at mercados.wlk:17 exhausted all cases without a match [Parameter]{faa29e} at mercados.wlk:17 exhausted all cases without a match","stack":"Error: [Parameter]{faa29e} at mercados.wlk:17 exhausted all cases without a match\n    at c:\\Users\\Franco\\.vscode\\extensions\\uqbar.wollok-lsp-ide-0.3.5\\out\\server\\src\\server.js:38:6067\n    at hh (c:\\Users\\Franco\\.vscode\\extensions\\uqbar.wollok-lsp-ide-0.3.5\\out\\server\\src\\server.js:2281:42)\n    at c:\\Users\\Franco\\.vscode\\extensions\\uqbar.wollok-lsp-ide-0.3.5\\out\\server\\src\\server.js:2281:2700\n    at c:\\Users\\Franco\\.vscode\\extensions\\uqbar.wollok-lsp-ide-0.3.5\\out\\server\\src\\server.js:2288:3774\n    at c:\\Users\\Franco\\.vscode\\extensions\\uqbar.wollok-lsp-ide-0.3.5\\out\\server\\src\\server.js:37:74872\n    at Fe (c:\\Users\\Franco\\.vscode\\extensions\\uqbar.wollok-lsp-ide-0.3.5\\out\\server\\src\\server.js:7:8527)\n    at Pt (c:\\Users\\Franco\\.vscode\\extensions\\uqbar.wollok-lsp-ide-0.3.5\\out\\server\\src\\server.js:7:6189)\n    at Gi (c:\\Users\\Franco\\.vscode\\extensions\\uqbar.wollok-lsp-ide-0.3.5\\out\\server\\src\\server.js:7:6378)\n    at Immediate._onImmediate (c:\\Users\\Franco\\.vscode\\extensions\\uqbar.wollok-lsp-ide-0.3.5\\out\\server\\src\\server.js:7:6142)\n    at process.processImmediate (node:internal/timers:478:21)","timestamp":"2024-10-07T03:23:54.749Z"}
{"level":"info","message":"⌛ Validating mercados.wlk","timeElapsed":142,"timestamp":"2024-10-07T03:23:54.987Z"}
{"level":"info","message":"⌛ Validating mercados.wlk","timeElapsed":140,"timestamp":"2024-10-07T03:23:55.128Z"}
{"level":"error","message":"✘ Completions for node failed: Error: [Parameter]{3a701a} at mercados.wlk:17 exhausted all cases without a match [Parameter]{3a701a} at mercados.wlk:17 exhausted all cases without a match","stack":"Error: [Parameter]{3a701a} at mercados.wlk:17 exhausted all cases without a match\n    at c:\\Users\\Franco\\.vscode\\extensions\\uqbar.wollok-lsp-ide-0.3.5\\out\\server\\src\\server.js:38:6067\n    at hh (c:\\Users\\Franco\\.vscode\\extensions\\uqbar.wollok-lsp-ide-0.3.5\\out\\server\\src\\server.js:2281:42)\n    at c:\\Users\\Franco\\.vscode\\extensions\\uqbar.wollok-lsp-ide-0.3.5\\out\\server\\src\\server.js:2281:2700\n    at c:\\Users\\Franco\\.vscode\\extensions\\uqbar.wollok-lsp-ide-0.3.5\\out\\server\\src\\server.js:2288:3774\n    at c:\\Users\\Franco\\.vscode\\extensions\\uqbar.wollok-lsp-ide-0.3.5\\out\\server\\src\\server.js:37:74872\n    at Fe (c:\\Users\\Franco\\.vscode\\extensions\\uqbar.wollok-lsp-ide-0.3.5\\out\\server\\src\\server.js:7:8527)\n    at Pt (c:\\Users\\Franco\\.vscode\\extensions\\uqbar.wollok-lsp-ide-0.3.5\\out\\server\\src\\server.js:7:6189)\n    at Gi (c:\\Users\\Franco\\.vscode\\extensions\\uqbar.wollok-lsp-ide-0.3.5\\out\\server\\src\\server.js:7:6378)\n    at Immediate._onImmediate (c:\\Users\\Franco\\.vscode\\extensions\\uqbar.wollok-lsp-ide-0.3.5\\out\\server\\src\\server.js:7:6142)\n    at process.processImmediate (node:internal/timers:478:21)","timestamp":"2024-10-07T03:23:55.247Z"}
{"level":"info","message":"⌛ Validating mercados.wlk","timeElapsed":129,"timestamp":"2024-10-07T03:23:55.482Z"}
{"level":"info","message":"⌛ Building environment","timeElapsed":113,"timestamp":"2024-10-07T03:23:55.596Z"}
{"level":"error","message":"✘ Completions for node failed: Error: [Parameter]{b033fc} at mercados.wlk:17 exhausted all cases without a match [Parameter]{b033fc} at mercados.wlk:17 exhausted all cases without a match","stack":"Error: [Parameter]{b033fc} at mercados.wlk:17 exhausted all cases without a match\n    at c:\\Users\\Franco\\.vscode\\extensions\\uqbar.wollok-lsp-ide-0.3.5\\out\\server\\src\\server.js:38:6067\n    at hh (c:\\Users\\Franco\\.vscode\\extensions\\uqbar.wollok-lsp-ide-0.3.5\\out\\server\\src\\server.js:2281:42)\n    at c:\\Users\\Franco\\.vscode\\extensions\\uqbar.wollok-lsp-ide-0.3.5\\out\\server\\src\\server.js:2281:2700\n    at c:\\Users\\Franco\\.vscode\\extensions\\uqbar.wollok-lsp-ide-0.3.5\\out\\server\\src\\server.js:2288:3774\n    at c:\\Users\\Franco\\.vscode\\extensions\\uqbar.wollok-lsp-ide-0.3.5\\out\\server\\src\\server.js:37:74872\n    at Fe (c:\\Users\\Franco\\.vscode\\extensions\\uqbar.wollok-lsp-ide-0.3.5\\out\\server\\src\\server.js:7:8527)\n    at Pt (c:\\Users\\Franco\\.vscode\\extensions\\uqbar.wollok-lsp-ide-0.3.5\\out\\server\\src\\server.js:7:6189)\n    at Gi (c:\\Users\\Franco\\.vscode\\extensions\\uqbar.wollok-lsp-ide-0.3.5\\out\\server\\src\\server.js:7:6378)\n    at Immediate._onImmediate (c:\\Users\\Franco\\.vscode\\extensions\\uqbar.wollok-lsp-ide-0.3.5\\out\\server\\src\\server.js:7:6142)\n    at process.processImmediate (node:internal/timers:478:21)","timestamp":"2024-10-07T03:23:55.711Z"}
{"level":"info","message":"⌛ Validating mercados.wlk","timeElapsed":125,"timestamp":"2024-10-07T03:23:55.839Z"}
{"level":"info","message":"⌛ Validating mercados.wlk","timeElapsed":138,"timestamp":"2024-10-07T03:23:55.978Z"}
{"level":"info","message":"⌛ Validating mercados.wlk","timeElapsed":126,"timestamp":"2024-10-07T03:23:56.104Z"}
{"level":"info","message":"onRequest - completionItem/resolve","timestamp":"2024-10-07T03:23:56.106Z"}
{"level":"info","message":"⌛ Validating mercados.wlk","timeElapsed":127,"timestamp":"2024-10-07T03:24:01.291Z"}
{"level":"info","message":"⌛ Building environment","timeElapsed":113,"timestamp":"2024-10-07T03:24:13.214Z"}
{"level":"info","message":"⌛ Validating mercados.wlk","timeElapsed":146,"timestamp":"2024-10-07T03:24:13.387Z"}
{"level":"info","message":"onRequest - completionItem/resolve","timestamp":"2024-10-07T03:24:13.399Z"}
{"level":"info","message":"⌛ Building environment","timeElapsed":138,"timestamp":"2024-10-07T03:24:13.538Z"}
{"level":"info","message":"onRequest - completionItem/resolve","timestamp":"2024-10-07T03:24:13.544Z"}
{"level":"info","message":"⌛ Validating mercados.wlk","timeElapsed":150,"timestamp":"2024-10-07T03:24:13.694Z"}
{"level":"info","message":"onRequest - completionItem/resolve","timestamp":"2024-10-07T03:24:13.937Z"}
{"level":"info","message":"⌛ Validating mercados.wlk","timeElapsed":140,"timestamp":"2024-10-07T03:24:14.078Z"}
{"level":"info","message":"⌛ Building environment","timeElapsed":116,"timestamp":"2024-10-07T03:24:21.919Z"}
{"level":"info","message":"⌛ Validating mercados.wlk","timeElapsed":136,"timestamp":"2024-10-07T03:24:22.056Z"}
{"level":"info","message":"⌛ Validating mercados.wlk","timeElapsed":148,"timestamp":"2024-10-07T03:24:24.494Z"}
{"level":"info","message":"onRequest - completionItem/resolve","timestamp":"2024-10-07T03:24:24.495Z"}
{"level":"info","message":"⌛ Building environment","timeElapsed":108,"timestamp":"2024-10-07T03:24:27.489Z"}
{"level":"info","message":"onRequest - completionItem/resolve","timestamp":"2024-10-07T03:24:27.489Z"}
{"level":"info","message":"⌛ Validating mercados.wlk","timeElapsed":135,"timestamp":"2024-10-07T03:24:27.626Z"}
{"level":"info","message":"⌛ Building environment","timeElapsed":103,"timestamp":"2024-10-07T03:24:27.889Z"}
{"level":"info","message":"onRequest - completionItem/resolve","timestamp":"2024-10-07T03:24:27.890Z"}
{"level":"info","message":"⌛ Validating mercados.wlk","timeElapsed":166,"timestamp":"2024-10-07T03:24:28.056Z"}
{"level":"info","message":"⌛ Building environment","timeElapsed":106,"timestamp":"2024-10-07T03:24:28.163Z"}
{"level":"info","message":"⌛ Validating mercados.wlk","timeElapsed":134,"timestamp":"2024-10-07T03:24:28.298Z"}
{"level":"info","message":"⌛ Building environment","timeElapsed":101,"timestamp":"2024-10-07T03:24:34.063Z"}
{"level":"info","message":"⌛ Validating mercados.wlk","timeElapsed":141,"timestamp":"2024-10-07T03:24:34.205Z"}
{"level":"info","message":"⌛ Validating mercados.wlk","timeElapsed":142,"timestamp":"2024-10-07T03:24:34.442Z"}
{"level":"info","message":"onRequest - completionItem/resolve","timestamp":"2024-10-07T03:24:35.001Z"}
{"level":"info","message":"⌛ Validating mercados.wlk","timeElapsed":142,"timestamp":"2024-10-07T03:24:35.143Z"}
{"level":"info","message":"⌛ Building environment","timeElapsed":111,"timestamp":"2024-10-07T03:24:35.254Z"}
{"level":"info","message":"⌛ Validating mercados.wlk","timeElapsed":152,"timestamp":"2024-10-07T03:24:35.408Z"}
{"level":"info","message":"⌛ Building environment","timeElapsed":101,"timestamp":"2024-10-07T03:24:35.573Z"}
{"level":"info","message":"onRequest - completionItem/resolve","timestamp":"2024-10-07T03:24:35.574Z"}
{"level":"info","message":"⌛ Validating mercados.wlk","timeElapsed":146,"timestamp":"2024-10-07T03:24:35.720Z"}
{"level":"info","message":"⌛ Building environment","timeElapsed":102,"timestamp":"2024-10-07T03:24:36.657Z"}
{"level":"info","message":"⌛ Validating mercados.wlk","timeElapsed":143,"timestamp":"2024-10-07T03:24:36.802Z"}
{"level":"info","message":"⌛ Building environment","timeElapsed":107,"timestamp":"2024-10-07T03:24:38.316Z"}
{"level":"error","message":"✘ Completions for node failed: Error: [Send]{9f28fe} at mercados.wlk:18 exhausted all cases without a match [Send]{9f28fe} at mercados.wlk:18 exhausted all cases without a match","stack":"Error: [Send]{9f28fe} at mercados.wlk:18 exhausted all cases without a match\n    at c:\\Users\\Franco\\.vscode\\extensions\\uqbar.wollok-lsp-ide-0.3.5\\out\\server\\src\\server.js:38:6067\n    at hh (c:\\Users\\Franco\\.vscode\\extensions\\uqbar.wollok-lsp-ide-0.3.5\\out\\server\\src\\server.js:2281:42)\n    at vh (c:\\Users\\Franco\\.vscode\\extensions\\uqbar.wollok-lsp-ide-0.3.5\\out\\server\\src\\server.js:2281:1004)\n    at F5n (c:\\Users\\Franco\\.vscode\\extensions\\uqbar.wollok-lsp-ide-0.3.5\\out\\server\\src\\server.js:2281:1160)\n    at c:\\Users\\Franco\\.vscode\\extensions\\uqbar.wollok-lsp-ide-0.3.5\\out\\server\\src\\server.js:38:6056\n    at hh (c:\\Users\\Franco\\.vscode\\extensions\\uqbar.wollok-lsp-ide-0.3.5\\out\\server\\src\\server.js:2281:42)\n    at c:\\Users\\Franco\\.vscode\\extensions\\uqbar.wollok-lsp-ide-0.3.5\\out\\server\\src\\server.js:2281:2700\n    at c:\\Users\\Franco\\.vscode\\extensions\\uqbar.wollok-lsp-ide-0.3.5\\out\\server\\src\\server.js:2288:3774\n    at c:\\Users\\Franco\\.vscode\\extensions\\uqbar.wollok-lsp-ide-0.3.5\\out\\server\\src\\server.js:37:74872\n    at Fe (c:\\Users\\Franco\\.vscode\\extensions\\uqbar.wollok-lsp-ide-0.3.5\\out\\server\\src\\server.js:7:8527)","timestamp":"2024-10-07T03:24:38.346Z"}
{"level":"info","message":"⌛ Validating mercados.wlk","timeElapsed":149,"timestamp":"2024-10-07T03:24:38.502Z"}
{"level":"info","message":"onRequest - completionItem/resolve","timestamp":"2024-10-07T03:24:38.502Z"}
{"level":"info","message":"⌛ Validating mercados.wlk","timeElapsed":137,"timestamp":"2024-10-07T03:24:39.594Z"}
{"level":"info","message":"⌛ Validating mercados.wlk","timeElapsed":147,"timestamp":"2024-10-07T03:24:43.801Z"}
{"level":"info","message":"⌛ Building environment","timeElapsed":133,"timestamp":"2024-10-07T03:24:43.936Z"}
{"level":"info","message":"⌛ Validating mercados.wlk","timeElapsed":132,"timestamp":"2024-10-07T03:24:44.074Z"}
{"level":"info","message":"⌛ Validating mercados.wlk","timeElapsed":141,"timestamp":"2024-10-07T03:24:44.465Z"}
{"level":"info","message":"⌛ Building environment","timeElapsed":142,"timestamp":"2024-10-07T03:26:32.484Z"}
{"level":"info","message":"⌛ Validating mercados.wlk","timeElapsed":155,"timestamp":"2024-10-07T03:26:32.641Z"}
{"level":"info","message":"⌛ Building environment","timeElapsed":109,"timestamp":"2024-10-07T03:26:33.326Z"}
{"level":"info","message":"⌛ Validating mercados.wlk","timeElapsed":167,"timestamp":"2024-10-07T03:26:33.526Z"}
{"level":"info","message":"onRequest - completionItem/resolve","timestamp":"2024-10-07T03:26:33.526Z"}
{"level":"info","message":"⌛ Building environment","timeElapsed":114,"timestamp":"2024-10-07T03:26:33.641Z"}
{"level":"info","message":"onRequest - completionItem/resolve","timestamp":"2024-10-07T03:26:33.641Z"}
{"level":"info","message":"onRequest - completionItem/resolve","timestamp":"2024-10-07T03:26:33.741Z"}
{"level":"info","message":"⌛ Validating mercados.wlk","timeElapsed":170,"timestamp":"2024-10-07T03:26:33.912Z"}
{"level":"info","message":"⌛ Validating mercados.wlk","timeElapsed":140,"timestamp":"2024-10-07T03:26:34.053Z"}
{"level":"info","message":"⌛ Building environment","timeElapsed":118,"timestamp":"2024-10-07T03:26:34.653Z"}
{"level":"info","message":"⌛ Validating mercados.wlk","timeElapsed":146,"timestamp":"2024-10-07T03:26:34.800Z"}
{"level":"info","message":"⌛ Building environment","timeElapsed":109,"timestamp":"2024-10-07T03:26:35.825Z"}
{"level":"info","message":"⌛ Validating mercados.wlk","timeElapsed":183,"timestamp":"2024-10-07T03:26:36.009Z"}
{"level":"info","message":"⌛ Building environment","timeElapsed":107,"timestamp":"2024-10-07T03:26:37.817Z"}
{"level":"info","message":"⌛ Validating mercados.wlk","timeElapsed":133,"timestamp":"2024-10-07T03:26:37.952Z"}
{"level":"info","message":"⌛ Building environment","timeElapsed":102,"timestamp":"2024-10-07T03:26:41.678Z"}
{"level":"info","message":"⌛ Validating mercados.wlk","timeElapsed":174,"timestamp":"2024-10-07T03:26:41.853Z"}
{"level":"info","message":"⌛ Building environment","timeElapsed":102,"timestamp":"2024-10-07T03:26:41.956Z"}
{"level":"info","message":"⌛ Validating mercados.wlk","timeElapsed":134,"timestamp":"2024-10-07T03:26:42.091Z"}
{"level":"info","message":"⌛ Building environment","timeElapsed":120,"timestamp":"2024-10-07T03:26:43.117Z"}
{"level":"info","message":"⌛ Validating mercados.wlk","timeElapsed":146,"timestamp":"2024-10-07T03:26:43.263Z"}
{"level":"info","message":"⌛ Building environment","timeElapsed":104,"timestamp":"2024-10-07T03:26:43.917Z"}
{"level":"info","message":"⌛ Validating mercados.wlk","timeElapsed":144,"timestamp":"2024-10-07T03:26:44.067Z"}
{"level":"info","message":"⌛ Building environment","timeElapsed":112,"timestamp":"2024-10-07T03:26:46.178Z"}
{"level":"info","message":"⌛ Validating mercados.wlk","timeElapsed":148,"timestamp":"2024-10-07T03:26:46.327Z"}
{"level":"info","message":"⌛ Building environment","timeElapsed":116,"timestamp":"2024-10-07T03:27:04.910Z"}
{"level":"error","message":"✘ Completions for node failed: Error: [Send]{005d9e} at mercados.wlk:-- exhausted all cases without a match [Send]{005d9e} at mercados.wlk:-- exhausted all cases without a match","stack":"Error: [Send]{005d9e} at mercados.wlk:-- exhausted all cases without a match\n    at c:\\Users\\Franco\\.vscode\\extensions\\uqbar.wollok-lsp-ide-0.3.5\\out\\server\\src\\server.js:38:6067\n    at hh (c:\\Users\\Franco\\.vscode\\extensions\\uqbar.wollok-lsp-ide-0.3.5\\out\\server\\src\\server.js:2281:42)\n    at vh (c:\\Users\\Franco\\.vscode\\extensions\\uqbar.wollok-lsp-ide-0.3.5\\out\\server\\src\\server.js:2281:1004)\n    at F5n (c:\\Users\\Franco\\.vscode\\extensions\\uqbar.wollok-lsp-ide-0.3.5\\out\\server\\src\\server.js:2281:1160)\n    at c:\\Users\\Franco\\.vscode\\extensions\\uqbar.wollok-lsp-ide-0.3.5\\out\\server\\src\\server.js:38:6056\n    at hh (c:\\Users\\Franco\\.vscode\\extensions\\uqbar.wollok-lsp-ide-0.3.5\\out\\server\\src\\server.js:2281:42)\n    at c:\\Users\\Franco\\.vscode\\extensions\\uqbar.wollok-lsp-ide-0.3.5\\out\\server\\src\\server.js:2281:2700\n    at c:\\Users\\Franco\\.vscode\\extensions\\uqbar.wollok-lsp-ide-0.3.5\\out\\server\\src\\server.js:2288:3774\n    at c:\\Users\\Franco\\.vscode\\extensions\\uqbar.wollok-lsp-ide-0.3.5\\out\\server\\src\\server.js:37:74872\n    at Fe (c:\\Users\\Franco\\.vscode\\extensions\\uqbar.wollok-lsp-ide-0.3.5\\out\\server\\src\\server.js:7:8527)","timestamp":"2024-10-07T03:27:04.948Z"}
{"level":"error","message":"✘ Completions for node failed: Error: [Assignment]{c6e299} at mercados.wlk:19 exhausted all cases without a match [Assignment]{c6e299} at mercados.wlk:19 exhausted all cases without a match","stack":"Error: [Assignment]{c6e299} at mercados.wlk:19 exhausted all cases without a match\n    at c:\\Users\\Franco\\.vscode\\extensions\\uqbar.wollok-lsp-ide-0.3.5\\out\\server\\src\\server.js:38:6067\n    at hh (c:\\Users\\Franco\\.vscode\\extensions\\uqbar.wollok-lsp-ide-0.3.5\\out\\server\\src\\server.js:2281:42)\n    at vh (c:\\Users\\Franco\\.vscode\\extensions\\uqbar.wollok-lsp-ide-0.3.5\\out\\server\\src\\server.js:2281:1004)\n    at hh (c:\\Users\\Franco\\.vscode\\extensions\\uqbar.wollok-lsp-ide-0.3.5\\out\\server\\src\\server.js:2281:456)\n    at vh (c:\\Users\\Franco\\.vscode\\extensions\\uqbar.wollok-lsp-ide-0.3.5\\out\\server\\src\\server.js:2281:1004)\n    at F5n (c:\\Users\\Franco\\.vscode\\extensions\\uqbar.wollok-lsp-ide-0.3.5\\out\\server\\src\\server.js:2281:1160)\n    at c:\\Users\\Franco\\.vscode\\extensions\\uqbar.wollok-lsp-ide-0.3.5\\out\\server\\src\\server.js:38:6056\n    at hh (c:\\Users\\Franco\\.vscode\\extensions\\uqbar.wollok-lsp-ide-0.3.5\\out\\server\\src\\server.js:2281:42)\n    at c:\\Users\\Franco\\.vscode\\extensions\\uqbar.wollok-lsp-ide-0.3.5\\out\\server\\src\\server.js:2281:2700\n    at c:\\Users\\Franco\\.vscode\\extensions\\uqbar.wollok-lsp-ide-0.3.5\\out\\server\\src\\server.js:2288:3774","timestamp":"2024-10-07T03:27:04.949Z"}
{"level":"info","message":"⌛ Validating mercados.wlk","timeElapsed":169,"timestamp":"2024-10-07T03:27:05.122Z"}
{"level":"info","message":"onRequest - completionItem/resolve","timestamp":"2024-10-07T03:27:05.122Z"}
{"level":"info","message":"onRequest - completionItem/resolve","timestamp":"2024-10-07T03:27:05.220Z"}
{"level":"info","message":"⌛ Validating mercados.wlk","timeElapsed":178,"timestamp":"2024-10-07T03:27:05.399Z"}
{"level":"info","message":"⌛ Building environment","timeElapsed":114,"timestamp":"2024-10-07T03:27:05.858Z"}
{"level":"info","message":"onRequest - completionItem/resolve","timestamp":"2024-10-07T03:27:05.862Z"}
{"level":"info","message":"⌛ Validating mercados.wlk","timeElapsed":134,"timestamp":"2024-10-07T03:27:05.997Z"}
{"level":"info","message":"onRequest - completionItem/resolve","timestamp":"2024-10-07T03:27:08.249Z"}
{"level":"info","message":"⌛ Validating mercados.wlk","timeElapsed":156,"timestamp":"2024-10-07T03:27:08.406Z"}
{"level":"info","message":"⌛ Building environment","timeElapsed":113,"timestamp":"2024-10-07T03:27:09.689Z"}
{"level":"error","message":"✘ Completions for node failed: Error: [Send]{46453a} at mercados.wlk:-- exhausted all cases without a match [Send]{46453a} at mercados.wlk:-- exhausted all cases without a match","stack":"Error: [Send]{46453a} at mercados.wlk:-- exhausted all cases without a match\n    at c:\\Users\\Franco\\.vscode\\extensions\\uqbar.wollok-lsp-ide-0.3.5\\out\\server\\src\\server.js:38:6067\n    at hh (c:\\Users\\Franco\\.vscode\\extensions\\uqbar.wollok-lsp-ide-0.3.5\\out\\server\\src\\server.js:2281:42)\n    at vh (c:\\Users\\Franco\\.vscode\\extensions\\uqbar.wollok-lsp-ide-0.3.5\\out\\server\\src\\server.js:2281:1004)\n    at F5n (c:\\Users\\Franco\\.vscode\\extensions\\uqbar.wollok-lsp-ide-0.3.5\\out\\server\\src\\server.js:2281:1160)\n    at c:\\Users\\Franco\\.vscode\\extensions\\uqbar.wollok-lsp-ide-0.3.5\\out\\server\\src\\server.js:38:6056\n    at hh (c:\\Users\\Franco\\.vscode\\extensions\\uqbar.wollok-lsp-ide-0.3.5\\out\\server\\src\\server.js:2281:42)\n    at c:\\Users\\Franco\\.vscode\\extensions\\uqbar.wollok-lsp-ide-0.3.5\\out\\server\\src\\server.js:2281:2700\n    at c:\\Users\\Franco\\.vscode\\extensions\\uqbar.wollok-lsp-ide-0.3.5\\out\\server\\src\\server.js:2288:3774\n    at c:\\Users\\Franco\\.vscode\\extensions\\uqbar.wollok-lsp-ide-0.3.5\\out\\server\\src\\server.js:37:74872\n    at Fe (c:\\Users\\Franco\\.vscode\\extensions\\uqbar.wollok-lsp-ide-0.3.5\\out\\server\\src\\server.js:7:8527)","timestamp":"2024-10-07T03:27:09.721Z"}
{"level":"error","message":"✘ Completions for node failed: Error: [Assignment]{60590c} at mercados.wlk:19 exhausted all cases without a match [Assignment]{60590c} at mercados.wlk:19 exhausted all cases without a match","stack":"Error: [Assignment]{60590c} at mercados.wlk:19 exhausted all cases without a match\n    at c:\\Users\\Franco\\.vscode\\extensions\\uqbar.wollok-lsp-ide-0.3.5\\out\\server\\src\\server.js:38:6067\n    at hh (c:\\Users\\Franco\\.vscode\\extensions\\uqbar.wollok-lsp-ide-0.3.5\\out\\server\\src\\server.js:2281:42)\n    at vh (c:\\Users\\Franco\\.vscode\\extensions\\uqbar.wollok-lsp-ide-0.3.5\\out\\server\\src\\server.js:2281:1004)\n    at hh (c:\\Users\\Franco\\.vscode\\extensions\\uqbar.wollok-lsp-ide-0.3.5\\out\\server\\src\\server.js:2281:456)\n    at vh (c:\\Users\\Franco\\.vscode\\extensions\\uqbar.wollok-lsp-ide-0.3.5\\out\\server\\src\\server.js:2281:1004)\n    at F5n (c:\\Users\\Franco\\.vscode\\extensions\\uqbar.wollok-lsp-ide-0.3.5\\out\\server\\src\\server.js:2281:1160)\n    at c:\\Users\\Franco\\.vscode\\extensions\\uqbar.wollok-lsp-ide-0.3.5\\out\\server\\src\\server.js:38:6056\n    at hh (c:\\Users\\Franco\\.vscode\\extensions\\uqbar.wollok-lsp-ide-0.3.5\\out\\server\\src\\server.js:2281:42)\n    at c:\\Users\\Franco\\.vscode\\extensions\\uqbar.wollok-lsp-ide-0.3.5\\out\\server\\src\\server.js:2281:2700\n    at c:\\Users\\Franco\\.vscode\\extensions\\uqbar.wollok-lsp-ide-0.3.5\\out\\server\\src\\server.js:2288:3774","timestamp":"2024-10-07T03:27:09.721Z"}
{"level":"info","message":"⌛ Validating mercados.wlk","timeElapsed":141,"timestamp":"2024-10-07T03:27:09.866Z"}
{"level":"info","message":"⌛ Validating mercados.wlk","timeElapsed":225,"timestamp":"2024-10-07T03:27:10.399Z"}
{"level":"info","message":"⌛ Building environment","timeElapsed":112,"timestamp":"2024-10-07T03:27:11.211Z"}
{"level":"error","message":"✘ Completions for node failed: Error: [Send]{aa3bfc} at mercados.wlk:-- exhausted all cases without a match [Send]{aa3bfc} at mercados.wlk:-- exhausted all cases without a match","stack":"Error: [Send]{aa3bfc} at mercados.wlk:-- exhausted all cases without a match\n    at c:\\Users\\Franco\\.vscode\\extensions\\uqbar.wollok-lsp-ide-0.3.5\\out\\server\\src\\server.js:38:6067\n    at hh (c:\\Users\\Franco\\.vscode\\extensions\\uqbar.wollok-lsp-ide-0.3.5\\out\\server\\src\\server.js:2281:42)\n    at vh (c:\\Users\\Franco\\.vscode\\extensions\\uqbar.wollok-lsp-ide-0.3.5\\out\\server\\src\\server.js:2281:1004)\n    at F5n (c:\\Users\\Franco\\.vscode\\extensions\\uqbar.wollok-lsp-ide-0.3.5\\out\\server\\src\\server.js:2281:1160)\n    at c:\\Users\\Franco\\.vscode\\extensions\\uqbar.wollok-lsp-ide-0.3.5\\out\\server\\src\\server.js:38:6056\n    at hh (c:\\Users\\Franco\\.vscode\\extensions\\uqbar.wollok-lsp-ide-0.3.5\\out\\server\\src\\server.js:2281:42)\n    at c:\\Users\\Franco\\.vscode\\extensions\\uqbar.wollok-lsp-ide-0.3.5\\out\\server\\src\\server.js:2281:2700\n    at c:\\Users\\Franco\\.vscode\\extensions\\uqbar.wollok-lsp-ide-0.3.5\\out\\server\\src\\server.js:2288:3774\n    at c:\\Users\\Franco\\.vscode\\extensions\\uqbar.wollok-lsp-ide-0.3.5\\out\\server\\src\\server.js:37:74872\n    at Fe (c:\\Users\\Franco\\.vscode\\extensions\\uqbar.wollok-lsp-ide-0.3.5\\out\\server\\src\\server.js:7:8527)","timestamp":"2024-10-07T03:27:11.234Z"}
{"level":"error","message":"✘ Completions for node failed: Error: [Assignment]{34ab3e} at mercados.wlk:19 exhausted all cases without a match [Assignment]{34ab3e} at mercados.wlk:19 exhausted all cases without a match","stack":"Error: [Assignment]{34ab3e} at mercados.wlk:19 exhausted all cases without a match\n    at c:\\Users\\Franco\\.vscode\\extensions\\uqbar.wollok-lsp-ide-0.3.5\\out\\server\\src\\server.js:38:6067\n    at hh (c:\\Users\\Franco\\.vscode\\extensions\\uqbar.wollok-lsp-ide-0.3.5\\out\\server\\src\\server.js:2281:42)\n    at vh (c:\\Users\\Franco\\.vscode\\extensions\\uqbar.wollok-lsp-ide-0.3.5\\out\\server\\src\\server.js:2281:1004)\n    at hh (c:\\Users\\Franco\\.vscode\\extensions\\uqbar.wollok-lsp-ide-0.3.5\\out\\server\\src\\server.js:2281:456)\n    at vh (c:\\Users\\Franco\\.vscode\\extensions\\uqbar.wollok-lsp-ide-0.3.5\\out\\server\\src\\server.js:2281:1004)\n    at F5n (c:\\Users\\Franco\\.vscode\\extensions\\uqbar.wollok-lsp-ide-0.3.5\\out\\server\\src\\server.js:2281:1160)\n    at c:\\Users\\Franco\\.vscode\\extensions\\uqbar.wollok-lsp-ide-0.3.5\\out\\server\\src\\server.js:38:6056\n    at hh (c:\\Users\\Franco\\.vscode\\extensions\\uqbar.wollok-lsp-ide-0.3.5\\out\\server\\src\\server.js:2281:42)\n    at c:\\Users\\Franco\\.vscode\\extensions\\uqbar.wollok-lsp-ide-0.3.5\\out\\server\\src\\server.js:2281:2700\n    at c:\\Users\\Franco\\.vscode\\extensions\\uqbar.wollok-lsp-ide-0.3.5\\out\\server\\src\\server.js:2288:3774","timestamp":"2024-10-07T03:27:11.234Z"}
{"level":"info","message":"⌛ Validating mercados.wlk","timeElapsed":152,"timestamp":"2024-10-07T03:27:11.394Z"}
{"level":"info","message":"onRequest - completionItem/resolve","timestamp":"2024-10-07T03:27:11.394Z"}
{"level":"error","message":"✘ Completions for node failed: Error: [Send]{bd3633} at mercados.wlk:-- exhausted all cases without a match [Send]{bd3633} at mercados.wlk:-- exhausted all cases without a match","stack":"Error: [Send]{bd3633} at mercados.wlk:-- exhausted all cases without a match\n    at c:\\Users\\Franco\\.vscode\\extensions\\uqbar.wollok-lsp-ide-0.3.5\\out\\server\\src\\server.js:38:6067\n    at hh (c:\\Users\\Franco\\.vscode\\extensions\\uqbar.wollok-lsp-ide-0.3.5\\out\\server\\src\\server.js:2281:42)\n    at vh (c:\\Users\\Franco\\.vscode\\extensions\\uqbar.wollok-lsp-ide-0.3.5\\out\\server\\src\\server.js:2281:1004)\n    at F5n (c:\\Users\\Franco\\.vscode\\extensions\\uqbar.wollok-lsp-ide-0.3.5\\out\\server\\src\\server.js:2281:1160)\n    at c:\\Users\\Franco\\.vscode\\extensions\\uqbar.wollok-lsp-ide-0.3.5\\out\\server\\src\\server.js:38:6056\n    at hh (c:\\Users\\Franco\\.vscode\\extensions\\uqbar.wollok-lsp-ide-0.3.5\\out\\server\\src\\server.js:2281:42)\n    at c:\\Users\\Franco\\.vscode\\extensions\\uqbar.wollok-lsp-ide-0.3.5\\out\\server\\src\\server.js:2281:2700\n    at c:\\Users\\Franco\\.vscode\\extensions\\uqbar.wollok-lsp-ide-0.3.5\\out\\server\\src\\server.js:2288:3774\n    at c:\\Users\\Franco\\.vscode\\extensions\\uqbar.wollok-lsp-ide-0.3.5\\out\\server\\src\\server.js:37:74872\n    at Fe (c:\\Users\\Franco\\.vscode\\extensions\\uqbar.wollok-lsp-ide-0.3.5\\out\\server\\src\\server.js:7:8527)","timestamp":"2024-10-07T03:27:11.537Z"}
{"level":"error","message":"✘ Completions for node failed: Error: [Assignment]{749727} at mercados.wlk:19 exhausted all cases without a match [Assignment]{749727} at mercados.wlk:19 exhausted all cases without a match","stack":"Error: [Assignment]{749727} at mercados.wlk:19 exhausted all cases without a match\n    at c:\\Users\\Franco\\.vscode\\extensions\\uqbar.wollok-lsp-ide-0.3.5\\out\\server\\src\\server.js:38:6067\n    at hh (c:\\Users\\Franco\\.vscode\\extensions\\uqbar.wollok-lsp-ide-0.3.5\\out\\server\\src\\server.js:2281:42)\n    at vh (c:\\Users\\Franco\\.vscode\\extensions\\uqbar.wollok-lsp-ide-0.3.5\\out\\server\\src\\server.js:2281:1004)\n    at hh (c:\\Users\\Franco\\.vscode\\extensions\\uqbar.wollok-lsp-ide-0.3.5\\out\\server\\src\\server.js:2281:456)\n    at vh (c:\\Users\\Franco\\.vscode\\extensions\\uqbar.wollok-lsp-ide-0.3.5\\out\\server\\src\\server.js:2281:1004)\n    at F5n (c:\\Users\\Franco\\.vscode\\extensions\\uqbar.wollok-lsp-ide-0.3.5\\out\\server\\src\\server.js:2281:1160)\n    at c:\\Users\\Franco\\.vscode\\extensions\\uqbar.wollok-lsp-ide-0.3.5\\out\\server\\src\\server.js:38:6056\n    at hh (c:\\Users\\Franco\\.vscode\\extensions\\uqbar.wollok-lsp-ide-0.3.5\\out\\server\\src\\server.js:2281:42)\n    at c:\\Users\\Franco\\.vscode\\extensions\\uqbar.wollok-lsp-ide-0.3.5\\out\\server\\src\\server.js:2281:2700\n    at c:\\Users\\Franco\\.vscode\\extensions\\uqbar.wollok-lsp-ide-0.3.5\\out\\server\\src\\server.js:2288:3774","timestamp":"2024-10-07T03:27:11.538Z"}
{"level":"info","message":"⌛ Validating mercados.wlk","timeElapsed":143,"timestamp":"2024-10-07T03:27:11.688Z"}
{"level":"info","message":"⌛ Building environment","timeElapsed":102,"timestamp":"2024-10-07T03:27:12.203Z"}
{"level":"error","message":"✘ Completions for node failed: Error: [Send]{f70c34} at mercados.wlk:-- exhausted all cases without a match [Send]{f70c34} at mercados.wlk:-- exhausted all cases without a match","stack":"Error: [Send]{f70c34} at mercados.wlk:-- exhausted all cases without a match\n    at c:\\Users\\Franco\\.vscode\\extensions\\uqbar.wollok-lsp-ide-0.3.5\\out\\server\\src\\server.js:38:6067\n    at hh (c:\\Users\\Franco\\.vscode\\extensions\\uqbar.wollok-lsp-ide-0.3.5\\out\\server\\src\\server.js:2281:42)\n    at vh (c:\\Users\\Franco\\.vscode\\extensions\\uqbar.wollok-lsp-ide-0.3.5\\out\\server\\src\\server.js:2281:1004)\n    at F5n (c:\\Users\\Franco\\.vscode\\extensions\\uqbar.wollok-lsp-ide-0.3.5\\out\\server\\src\\server.js:2281:1160)\n    at c:\\Users\\Franco\\.vscode\\extensions\\uqbar.wollok-lsp-ide-0.3.5\\out\\server\\src\\server.js:38:6056\n    at hh (c:\\Users\\Franco\\.vscode\\extensions\\uqbar.wollok-lsp-ide-0.3.5\\out\\server\\src\\server.js:2281:42)\n    at c:\\Users\\Franco\\.vscode\\extensions\\uqbar.wollok-lsp-ide-0.3.5\\out\\server\\src\\server.js:2281:2700\n    at c:\\Users\\Franco\\.vscode\\extensions\\uqbar.wollok-lsp-ide-0.3.5\\out\\server\\src\\server.js:2288:3774\n    at c:\\Users\\Franco\\.vscode\\extensions\\uqbar.wollok-lsp-ide-0.3.5\\out\\server\\src\\server.js:37:74872\n    at Fe (c:\\Users\\Franco\\.vscode\\extensions\\uqbar.wollok-lsp-ide-0.3.5\\out\\server\\src\\server.js:7:8527)","timestamp":"2024-10-07T03:27:12.228Z"}
{"level":"error","message":"✘ Completions for node failed: Error: [Assignment]{3c77ae} at mercados.wlk:19 exhausted all cases without a match [Assignment]{3c77ae} at mercados.wlk:19 exhausted all cases without a match","stack":"Error: [Assignment]{3c77ae} at mercados.wlk:19 exhausted all cases without a match\n    at c:\\Users\\Franco\\.vscode\\extensions\\uqbar.wollok-lsp-ide-0.3.5\\out\\server\\src\\server.js:38:6067\n    at hh (c:\\Users\\Franco\\.vscode\\extensions\\uqbar.wollok-lsp-ide-0.3.5\\out\\server\\src\\server.js:2281:42)\n    at vh (c:\\Users\\Franco\\.vscode\\extensions\\uqbar.wollok-lsp-ide-0.3.5\\out\\server\\src\\server.js:2281:1004)\n    at hh (c:\\Users\\Franco\\.vscode\\extensions\\uqbar.wollok-lsp-ide-0.3.5\\out\\server\\src\\server.js:2281:456)\n    at vh (c:\\Users\\Franco\\.vscode\\extensions\\uqbar.wollok-lsp-ide-0.3.5\\out\\server\\src\\server.js:2281:1004)\n    at F5n (c:\\Users\\Franco\\.vscode\\extensions\\uqbar.wollok-lsp-ide-0.3.5\\out\\server\\src\\server.js:2281:1160)\n    at c:\\Users\\Franco\\.vscode\\extensions\\uqbar.wollok-lsp-ide-0.3.5\\out\\server\\src\\server.js:38:6056\n    at hh (c:\\Users\\Franco\\.vscode\\extensions\\uqbar.wollok-lsp-ide-0.3.5\\out\\server\\src\\server.js:2281:42)\n    at c:\\Users\\Franco\\.vscode\\extensions\\uqbar.wollok-lsp-ide-0.3.5\\out\\server\\src\\server.js:2281:2700\n    at c:\\Users\\Franco\\.vscode\\extensions\\uqbar.wollok-lsp-ide-0.3.5\\out\\server\\src\\server.js:2288:3774","timestamp":"2024-10-07T03:27:12.229Z"}
{"level":"info","message":"⌛ Validating mercados.wlk","timeElapsed":157,"timestamp":"2024-10-07T03:27:12.390Z"}
{"level":"info","message":"⌛ Building environment","timeElapsed":107,"timestamp":"2024-10-07T03:27:12.498Z"}
{"level":"error","message":"✘ Completions for node failed: Error: [Send]{b5191e} at mercados.wlk:-- exhausted all cases without a match [Send]{b5191e} at mercados.wlk:-- exhausted all cases without a match","stack":"Error: [Send]{b5191e} at mercados.wlk:-- exhausted all cases without a match\n    at c:\\Users\\Franco\\.vscode\\extensions\\uqbar.wollok-lsp-ide-0.3.5\\out\\server\\src\\server.js:38:6067\n    at hh (c:\\Users\\Franco\\.vscode\\extensions\\uqbar.wollok-lsp-ide-0.3.5\\out\\server\\src\\server.js:2281:42)\n    at vh (c:\\Users\\Franco\\.vscode\\extensions\\uqbar.wollok-lsp-ide-0.3.5\\out\\server\\src\\server.js:2281:1004)\n    at F5n (c:\\Users\\Franco\\.vscode\\extensions\\uqbar.wollok-lsp-ide-0.3.5\\out\\server\\src\\server.js:2281:1160)\n    at c:\\Users\\Franco\\.vscode\\extensions\\uqbar.wollok-lsp-ide-0.3.5\\out\\server\\src\\server.js:38:6056\n    at hh (c:\\Users\\Franco\\.vscode\\extensions\\uqbar.wollok-lsp-ide-0.3.5\\out\\server\\src\\server.js:2281:42)\n    at c:\\Users\\Franco\\.vscode\\extensions\\uqbar.wollok-lsp-ide-0.3.5\\out\\server\\src\\server.js:2281:2700\n    at c:\\Users\\Franco\\.vscode\\extensions\\uqbar.wollok-lsp-ide-0.3.5\\out\\server\\src\\server.js:2288:3774\n    at c:\\Users\\Franco\\.vscode\\extensions\\uqbar.wollok-lsp-ide-0.3.5\\out\\server\\src\\server.js:37:74872\n    at Fe (c:\\Users\\Franco\\.vscode\\extensions\\uqbar.wollok-lsp-ide-0.3.5\\out\\server\\src\\server.js:7:8527)","timestamp":"2024-10-07T03:27:12.560Z"}
{"level":"error","message":"✘ Completions for node failed: Error: [Assignment]{e6c9f4} at mercados.wlk:19 exhausted all cases without a match [Assignment]{e6c9f4} at mercados.wlk:19 exhausted all cases without a match","stack":"Error: [Assignment]{e6c9f4} at mercados.wlk:19 exhausted all cases without a match\n    at c:\\Users\\Franco\\.vscode\\extensions\\uqbar.wollok-lsp-ide-0.3.5\\out\\server\\src\\server.js:38:6067\n    at hh (c:\\Users\\Franco\\.vscode\\extensions\\uqbar.wollok-lsp-ide-0.3.5\\out\\server\\src\\server.js:2281:42)\n    at vh (c:\\Users\\Franco\\.vscode\\extensions\\uqbar.wollok-lsp-ide-0.3.5\\out\\server\\src\\server.js:2281:1004)\n    at hh (c:\\Users\\Franco\\.vscode\\extensions\\uqbar.wollok-lsp-ide-0.3.5\\out\\server\\src\\server.js:2281:456)\n    at vh (c:\\Users\\Franco\\.vscode\\extensions\\uqbar.wollok-lsp-ide-0.3.5\\out\\server\\src\\server.js:2281:1004)\n    at F5n (c:\\Users\\Franco\\.vscode\\extensions\\uqbar.wollok-lsp-ide-0.3.5\\out\\server\\src\\server.js:2281:1160)\n    at c:\\Users\\Franco\\.vscode\\extensions\\uqbar.wollok-lsp-ide-0.3.5\\out\\server\\src\\server.js:38:6056\n    at hh (c:\\Users\\Franco\\.vscode\\extensions\\uqbar.wollok-lsp-ide-0.3.5\\out\\server\\src\\server.js:2281:42)\n    at c:\\Users\\Franco\\.vscode\\extensions\\uqbar.wollok-lsp-ide-0.3.5\\out\\server\\src\\server.js:2281:2700\n    at c:\\Users\\Franco\\.vscode\\extensions\\uqbar.wollok-lsp-ide-0.3.5\\out\\server\\src\\server.js:2288:3774","timestamp":"2024-10-07T03:27:12.560Z"}
{"level":"info","message":"⌛ Validating mercados.wlk","timeElapsed":168,"timestamp":"2024-10-07T03:27:12.731Z"}
{"level":"info","message":"⌛ Building environment","timeElapsed":101,"timestamp":"2024-10-07T03:27:12.833Z"}
{"level":"info","message":"⌛ Building environment","timeElapsed":113,"timestamp":"2024-10-07T03:27:12.947Z"}
{"level":"error","message":"✘ Completions for node failed: Error: [Send]{b75009} at mercados.wlk:-- exhausted all cases without a match [Send]{b75009} at mercados.wlk:-- exhausted all cases without a match","stack":"Error: [Send]{b75009} at mercados.wlk:-- exhausted all cases without a match\n    at c:\\Users\\Franco\\.vscode\\extensions\\uqbar.wollok-lsp-ide-0.3.5\\out\\server\\src\\server.js:38:6067\n    at hh (c:\\Users\\Franco\\.vscode\\extensions\\uqbar.wollok-lsp-ide-0.3.5\\out\\server\\src\\server.js:2281:42)\n    at vh (c:\\Users\\Franco\\.vscode\\extensions\\uqbar.wollok-lsp-ide-0.3.5\\out\\server\\src\\server.js:2281:1004)\n    at F5n (c:\\Users\\Franco\\.vscode\\extensions\\uqbar.wollok-lsp-ide-0.3.5\\out\\server\\src\\server.js:2281:1160)\n    at c:\\Users\\Franco\\.vscode\\extensions\\uqbar.wollok-lsp-ide-0.3.5\\out\\server\\src\\server.js:38:6056\n    at hh (c:\\Users\\Franco\\.vscode\\extensions\\uqbar.wollok-lsp-ide-0.3.5\\out\\server\\src\\server.js:2281:42)\n    at c:\\Users\\Franco\\.vscode\\extensions\\uqbar.wollok-lsp-ide-0.3.5\\out\\server\\src\\server.js:2281:2700\n    at c:\\Users\\Franco\\.vscode\\extensions\\uqbar.wollok-lsp-ide-0.3.5\\out\\server\\src\\server.js:2288:3774\n    at c:\\Users\\Franco\\.vscode\\extensions\\uqbar.wollok-lsp-ide-0.3.5\\out\\server\\src\\server.js:37:74872\n    at Fe (c:\\Users\\Franco\\.vscode\\extensions\\uqbar.wollok-lsp-ide-0.3.5\\out\\server\\src\\server.js:7:8527)","timestamp":"2024-10-07T03:27:12.983Z"}
{"level":"error","message":"✘ Completions for node failed: Error: [Assignment]{b506dd} at mercados.wlk:19 exhausted all cases without a match [Assignment]{b506dd} at mercados.wlk:19 exhausted all cases without a match","stack":"Error: [Assignment]{b506dd} at mercados.wlk:19 exhausted all cases without a match\n    at c:\\Users\\Franco\\.vscode\\extensions\\uqbar.wollok-lsp-ide-0.3.5\\out\\server\\src\\server.js:38:6067\n    at hh (c:\\Users\\Franco\\.vscode\\extensions\\uqbar.wollok-lsp-ide-0.3.5\\out\\server\\src\\server.js:2281:42)\n    at vh (c:\\Users\\Franco\\.vscode\\extensions\\uqbar.wollok-lsp-ide-0.3.5\\out\\server\\src\\server.js:2281:1004)\n    at hh (c:\\Users\\Franco\\.vscode\\extensions\\uqbar.wollok-lsp-ide-0.3.5\\out\\server\\src\\server.js:2281:456)\n    at vh (c:\\Users\\Franco\\.vscode\\extensions\\uqbar.wollok-lsp-ide-0.3.5\\out\\server\\src\\server.js:2281:1004)\n    at F5n (c:\\Users\\Franco\\.vscode\\extensions\\uqbar.wollok-lsp-ide-0.3.5\\out\\server\\src\\server.js:2281:1160)\n    at c:\\Users\\Franco\\.vscode\\extensions\\uqbar.wollok-lsp-ide-0.3.5\\out\\server\\src\\server.js:38:6056\n    at hh (c:\\Users\\Franco\\.vscode\\extensions\\uqbar.wollok-lsp-ide-0.3.5\\out\\server\\src\\server.js:2281:42)\n    at c:\\Users\\Franco\\.vscode\\extensions\\uqbar.wollok-lsp-ide-0.3.5\\out\\server\\src\\server.js:2281:2700\n    at c:\\Users\\Franco\\.vscode\\extensions\\uqbar.wollok-lsp-ide-0.3.5\\out\\server\\src\\server.js:2288:3774","timestamp":"2024-10-07T03:27:12.983Z"}
{"level":"info","message":"⌛ Validating mercados.wlk","timeElapsed":133,"timestamp":"2024-10-07T03:27:13.119Z"}
{"level":"info","message":"⌛ Building environment","timeElapsed":106,"timestamp":"2024-10-07T03:27:13.255Z"}
{"level":"info","message":"⌛ Validating mercados.wlk","timeElapsed":160,"timestamp":"2024-10-07T03:27:13.416Z"}
{"level":"info","message":"⌛ Validating mercados.wlk","timeElapsed":147,"timestamp":"2024-10-07T03:27:13.568Z"}
{"level":"info","message":"⌛ Building environment","timeElapsed":123,"timestamp":"2024-10-07T03:27:13.693Z"}
{"level":"error","message":"✘ Completions for node failed: Error: [Send]{3526b9} at mercados.wlk:-- exhausted all cases without a match [Send]{3526b9} at mercados.wlk:-- exhausted all cases without a match","stack":"Error: [Send]{3526b9} at mercados.wlk:-- exhausted all cases without a match\n    at c:\\Users\\Franco\\.vscode\\extensions\\uqbar.wollok-lsp-ide-0.3.5\\out\\server\\src\\server.js:38:6067\n    at hh (c:\\Users\\Franco\\.vscode\\extensions\\uqbar.wollok-lsp-ide-0.3.5\\out\\server\\src\\server.js:2281:42)\n    at vh (c:\\Users\\Franco\\.vscode\\extensions\\uqbar.wollok-lsp-ide-0.3.5\\out\\server\\src\\server.js:2281:1004)\n    at F5n (c:\\Users\\Franco\\.vscode\\extensions\\uqbar.wollok-lsp-ide-0.3.5\\out\\server\\src\\server.js:2281:1160)\n    at c:\\Users\\Franco\\.vscode\\extensions\\uqbar.wollok-lsp-ide-0.3.5\\out\\server\\src\\server.js:38:6056\n    at hh (c:\\Users\\Franco\\.vscode\\extensions\\uqbar.wollok-lsp-ide-0.3.5\\out\\server\\src\\server.js:2281:42)\n    at c:\\Users\\Franco\\.vscode\\extensions\\uqbar.wollok-lsp-ide-0.3.5\\out\\server\\src\\server.js:2281:2700\n    at c:\\Users\\Franco\\.vscode\\extensions\\uqbar.wollok-lsp-ide-0.3.5\\out\\server\\src\\server.js:2288:3774\n    at c:\\Users\\Franco\\.vscode\\extensions\\uqbar.wollok-lsp-ide-0.3.5\\out\\server\\src\\server.js:37:74872\n    at Fe (c:\\Users\\Franco\\.vscode\\extensions\\uqbar.wollok-lsp-ide-0.3.5\\out\\server\\src\\server.js:7:8527)","timestamp":"2024-10-07T03:27:13.753Z"}
{"level":"error","message":"✘ Completions for node failed: Error: [Assignment]{223ca4} at mercados.wlk:19 exhausted all cases without a match [Assignment]{223ca4} at mercados.wlk:19 exhausted all cases without a match","stack":"Error: [Assignment]{223ca4} at mercados.wlk:19 exhausted all cases without a match\n    at c:\\Users\\Franco\\.vscode\\extensions\\uqbar.wollok-lsp-ide-0.3.5\\out\\server\\src\\server.js:38:6067\n    at hh (c:\\Users\\Franco\\.vscode\\extensions\\uqbar.wollok-lsp-ide-0.3.5\\out\\server\\src\\server.js:2281:42)\n    at vh (c:\\Users\\Franco\\.vscode\\extensions\\uqbar.wollok-lsp-ide-0.3.5\\out\\server\\src\\server.js:2281:1004)\n    at hh (c:\\Users\\Franco\\.vscode\\extensions\\uqbar.wollok-lsp-ide-0.3.5\\out\\server\\src\\server.js:2281:456)\n    at vh (c:\\Users\\Franco\\.vscode\\extensions\\uqbar.wollok-lsp-ide-0.3.5\\out\\server\\src\\server.js:2281:1004)\n    at F5n (c:\\Users\\Franco\\.vscode\\extensions\\uqbar.wollok-lsp-ide-0.3.5\\out\\server\\src\\server.js:2281:1160)\n    at c:\\Users\\Franco\\.vscode\\extensions\\uqbar.wollok-lsp-ide-0.3.5\\out\\server\\src\\server.js:38:6056\n    at hh (c:\\Users\\Franco\\.vscode\\extensions\\uqbar.wollok-lsp-ide-0.3.5\\out\\server\\src\\server.js:2281:42)\n    at c:\\Users\\Franco\\.vscode\\extensions\\uqbar.wollok-lsp-ide-0.3.5\\out\\server\\src\\server.js:2281:2700\n    at c:\\Users\\Franco\\.vscode\\extensions\\uqbar.wollok-lsp-ide-0.3.5\\out\\server\\src\\server.js:2288:3774","timestamp":"2024-10-07T03:27:13.753Z"}
{"level":"info","message":"⌛ Building environment","timeElapsed":122,"timestamp":"2024-10-07T03:27:13.880Z"}
{"level":"info","message":"⌛ Validating mercados.wlk","timeElapsed":148,"timestamp":"2024-10-07T03:27:14.028Z"}
{"level":"info","message":"⌛ Validating mercados.wlk","timeElapsed":130,"timestamp":"2024-10-07T03:27:14.159Z"}
{"level":"info","message":"⌛ Building environment","timeElapsed":116,"timestamp":"2024-10-07T03:27:15.226Z"}
{"level":"info","message":"⌛ Validating mercados.wlk","timeElapsed":161,"timestamp":"2024-10-07T03:27:15.388Z"}
{"level":"info","message":"⌛ Building environment","timeElapsed":108,"timestamp":"2024-10-07T03:27:15.857Z"}
{"level":"info","message":"⌛ Validating mercados.wlk","timeElapsed":144,"timestamp":"2024-10-07T03:27:16.003Z"}
{"level":"info","message":"⌛ Building environment","timeElapsed":109,"timestamp":"2024-10-07T03:27:17.152Z"}
{"level":"info","message":"⌛ Building environment","timeElapsed":113,"timestamp":"2024-10-07T03:27:17.322Z"}
{"level":"info","message":"⌛ Validating mercados.wlk","timeElapsed":165,"timestamp":"2024-10-07T03:27:17.487Z"}
{"level":"info","message":"onRequest - completionItem/resolve","timestamp":"2024-10-07T03:27:17.488Z"}
{"level":"info","message":"⌛ Validating mercados.wlk","timeElapsed":140,"timestamp":"2024-10-07T03:27:17.628Z"}
{"level":"info","message":"⌛ Building environment","timeElapsed":114,"timestamp":"2024-10-07T03:27:18.067Z"}
{"level":"info","message":"⌛ Validating mercados.wlk","timeElapsed":157,"timestamp":"2024-10-07T03:27:18.226Z"}
{"level":"error","message":"✘ Failed to get type description: Error: Failed to print, found malformed node Failed to print, found malformed node","node":{"id":"09c19ba8-14b0-4787-9bcc-4cf716e584b8","metadata":[],"problems":[{"code":"malformedSentence","sourceMap":{"end":{"column":44,"line":19,"offset":409},"start":{"column":13,"line":19,"offset":378}}}],"scope":{"containerScope":{"containerScope":{"containerScope":{"containerScope":{"contributions":{},"includedScopes":[]},"contributions":{},"includedScopes":[{"contributions":{},"includedScopes":[]}]},"contributions":{},"includedScopes":[{"containerScope":{"containerScope":{"containerScope":{"contributions":{},"includedScopes":[]},"contributions":{},"includedScopes":[]},"contributions":{},"includedScopes":[]},"contributions":{},"includedScopes":[]}]},"contributions":{},"includedScopes":[]},"contributions":{},"includedScopes":[]},"sentences":[{"args":[{"id":"aa62627e-43a1-4d7e-a8e4-5226e7735043","metadata":[],"name":"listaDePlantas","scope":{"containerScope":{"containerScope":{"containerScope":{"containerScope":{"containerScope":{"containerScope":{"contributions":{},"includedScopes":[]},"contributions":{},"includedScopes":[{"contributions":{},"includedScopes":[]}]},"contributions":{},"includedScopes":[{"containerScope":{"containerScope":{"containerScope":{"contributions":{},"includedScopes":[]},"contributions":{},"includedScopes":[]},"contributions":{},"includedScopes":[]},"contributions":{},"includedScopes":[]}]},"contributions":{},"includedScopes":[]},"contributions":{},"includedScopes":[]},"contributions":{},"includedScopes":[]},"contributions":{},"includedScopes":[]},"sourceMap":{"end":{"column":41,"line":18,"offset":363},"start":{"column":27,"line":18,"offset":349}}}],"id":"08b9f7ac-61eb-44f3-b077-8bbd4861a5bc","message":"addAll","metadata":[],"receiver":{"id":"6b074588-f1ce-46b9-96f1-67cd1a058b8c","metadata":[],"name":"mercaderia","scope":{"containerScope":{"containerScope":{"containerScope":{"containerScope":{"containerScope":{"containerScope":{"contributions":{},"includedScopes":[]},"contributions":{},"includedScopes":[{"contributions":{},"includedScopes":[]}]},"contributions":{},"includedScopes":[{"containerScope":{"containerScope":{"containerScope":{"contributions":{},"includedScopes":[]},"contributions":{},"includedScopes":[]},"contributions":{},"includedScopes":[]},"contributions":{},"includedScopes":[]}]},"contributions":{},"includedScopes":[]},"contributions":{},"includedScopes":[]},"contributions":{},"includedScopes":[]},"contributions":{},"includedScopes":[]},"sourceMap":{"end":{"column":19,"line":18,"offset":341},"start":{"column":9,"line":18,"offset":331}}},"scope":{"containerScope":{"containerScope":{"containerScope":{"containerScope":{"containerScope":{"contributions":{},"includedScopes":[]},"contributions":{},"includedScopes":[{"contributions":{},"includedScopes":[]}]},"contributions":{},"includedScopes":[{"containerScope":{"containerScope":{"containerScope":{"contributions":{},"includedScopes":[]},"contributions":{},"includedScopes":[]},"contributions":{},"includedScopes":[]},"contributions":{},"includedScopes":[]}]},"contributions":{},"includedScopes":[]},"contributions":{},"includedScopes":[]},"contributions":{},"includedScopes":[]},"sourceMap":{"end":{"column":42,"line":18,"offset":364},"start":{"column":9,"line":18,"offset":331}}},{"id":"b7effb59-449d-420d-8716-d543f431636d","metadata":[],"name":"oro","scope":{"containerScope":{"containerScope":{"containerScope":{"containerScope":{"containerScope":{"contributions":{},"includedScopes":[]},"contributions":{},"includedScopes":[{"contributions":{},"includedScopes":[]}]},"contributions":{},"includedScopes":[{"containerScope":{"containerScope":{"containerScope":{"contributions":{},"includedScopes":[]},"contributions":{},"includedScopes":[]},"contributions":{},"includedScopes":[]},"contributions":{},"includedScopes":[]}]},"contributions":{},"includedScopes":[]},"contributions":{},"includedScopes":[]},"contributions":{},"includedScopes":[]},"sourceMap":{"end":{"column":12,"line":19,"offset":377},"start":{"column":9,"line":19,"offset":374}}}],"sourceMap":{"end":{"column":6,"line":20,"offset":416},"start":{"column":41,"line":17,"offset":320}}},"stack":"Error: Failed to print, found malformed node\n    at c:\\Users\\Franco\\.vscode\\extensions\\uqbar.wollok-lsp-ide-0.3.5\\out\\server\\src\\server.js:68:3533\n    at c:\\Users\\Franco\\.vscode\\extensions\\uqbar.wollok-lsp-ide-0.3.5\\out\\server\\src\\server.js:68:5372\n    at c:\\Users\\Franco\\.vscode\\extensions\\uqbar.wollok-lsp-ide-0.3.5\\out\\server\\src\\server.js:38:6056\n    at c:\\Users\\Franco\\.vscode\\extensions\\uqbar.wollok-lsp-ide-0.3.5\\out\\server\\src\\server.js:68:3612\n    at iln (c:\\Users\\Franco\\.vscode\\extensions\\uqbar.wollok-lsp-ide-0.3.5\\out\\server\\src\\server.js:68:3344)\n    at c:\\Users\\Franco\\.vscode\\extensions\\uqbar.wollok-lsp-ide-0.3.5\\out\\server\\src\\server.js:2275:847\n    at c:\\Users\\Franco\\.vscode\\extensions\\uqbar.wollok-lsp-ide-0.3.5\\out\\server\\src\\server.js:2288:3774\n    at c:\\Users\\Franco\\.vscode\\extensions\\uqbar.wollok-lsp-ide-0.3.5\\out\\server\\src\\server.js:37:74770\n    at Fe (c:\\Users\\Franco\\.vscode\\extensions\\uqbar.wollok-lsp-ide-0.3.5\\out\\server\\src\\server.js:7:8527)\n    at Pt (c:\\Users\\Franco\\.vscode\\extensions\\uqbar.wollok-lsp-ide-0.3.5\\out\\server\\src\\server.js:7:6189)","timestamp":"2024-10-07T03:27:20.394Z"}
{"level":"error","message":"✘ Failed to get type description: Error: Failed to print, found malformed node Failed to print, found malformed node","node":{"id":"09c19ba8-14b0-4787-9bcc-4cf716e584b8","metadata":[],"problems":[{"code":"malformedSentence","sourceMap":{"end":{"column":44,"line":19,"offset":409},"start":{"column":13,"line":19,"offset":378}}}],"scope":{"containerScope":{"containerScope":{"containerScope":{"containerScope":{"contributions":{},"includedScopes":[]},"contributions":{},"includedScopes":[{"contributions":{},"includedScopes":[]}]},"contributions":{},"includedScopes":[{"containerScope":{"containerScope":{"containerScope":{"contributions":{},"includedScopes":[]},"contributions":{},"includedScopes":[]},"contributions":{},"includedScopes":[]},"contributions":{},"includedScopes":[]}]},"contributions":{},"includedScopes":[]},"contributions":{},"includedScopes":[]},"sentences":[{"args":[{"id":"aa62627e-43a1-4d7e-a8e4-5226e7735043","metadata":[],"name":"listaDePlantas","scope":{"containerScope":{"containerScope":{"containerScope":{"containerScope":{"containerScope":{"containerScope":{"contributions":{},"includedScopes":[]},"contributions":{},"includedScopes":[{"contributions":{},"includedScopes":[]}]},"contributions":{},"includedScopes":[{"containerScope":{"containerScope":{"containerScope":{"contributions":{},"includedScopes":[]},"contributions":{},"includedScopes":[]},"contributions":{},"includedScopes":[]},"contributions":{},"includedScopes":[]}]},"contributions":{},"includedScopes":[]},"contributions":{},"includedScopes":[]},"contributions":{},"includedScopes":[]},"contributions":{},"includedScopes":[]},"sourceMap":{"end":{"column":41,"line":18,"offset":363},"start":{"column":27,"line":18,"offset":349}}}],"id":"08b9f7ac-61eb-44f3-b077-8bbd4861a5bc","message":"addAll","metadata":[],"receiver":{"id":"6b074588-f1ce-46b9-96f1-67cd1a058b8c","metadata":[],"name":"mercaderia","scope":{"containerScope":{"containerScope":{"containerScope":{"containerScope":{"containerScope":{"containerScope":{"contributions":{},"includedScopes":[]},"contributions":{},"includedScopes":[{"contributions":{},"includedScopes":[]}]},"contributions":{},"includedScopes":[{"containerScope":{"containerScope":{"containerScope":{"contributions":{},"includedScopes":[]},"contributions":{},"includedScopes":[]},"contributions":{},"includedScopes":[]},"contributions":{},"includedScopes":[]}]},"contributions":{},"includedScopes":[]},"contributions":{},"includedScopes":[]},"contributions":{},"includedScopes":[]},"contributions":{},"includedScopes":[]},"sourceMap":{"end":{"column":19,"line":18,"offset":341},"start":{"column":9,"line":18,"offset":331}}},"scope":{"containerScope":{"containerScope":{"containerScope":{"containerScope":{"containerScope":{"contributions":{},"includedScopes":[]},"contributions":{},"includedScopes":[{"contributions":{},"includedScopes":[]}]},"contributions":{},"includedScopes":[{"containerScope":{"containerScope":{"containerScope":{"contributions":{},"includedScopes":[]},"contributions":{},"includedScopes":[]},"contributions":{},"includedScopes":[]},"contributions":{},"includedScopes":[]}]},"contributions":{},"includedScopes":[]},"contributions":{},"includedScopes":[]},"contributions":{},"includedScopes":[]},"sourceMap":{"end":{"column":42,"line":18,"offset":364},"start":{"column":9,"line":18,"offset":331}}},{"id":"b7effb59-449d-420d-8716-d543f431636d","metadata":[],"name":"oro","scope":{"containerScope":{"containerScope":{"containerScope":{"containerScope":{"containerScope":{"contributions":{},"includedScopes":[]},"contributions":{},"includedScopes":[{"contributions":{},"includedScopes":[]}]},"contributions":{},"includedScopes":[{"containerScope":{"containerScope":{"containerScope":{"contributions":{},"includedScopes":[]},"contributions":{},"includedScopes":[]},"contributions":{},"includedScopes":[]},"contributions":{},"includedScopes":[]}]},"contributions":{},"includedScopes":[]},"contributions":{},"includedScopes":[]},"contributions":{},"includedScopes":[]},"sourceMap":{"end":{"column":12,"line":19,"offset":377},"start":{"column":9,"line":19,"offset":374}}}],"sourceMap":{"end":{"column":6,"line":20,"offset":416},"start":{"column":41,"line":17,"offset":320}}},"stack":"Error: Failed to print, found malformed node\n    at c:\\Users\\Franco\\.vscode\\extensions\\uqbar.wollok-lsp-ide-0.3.5\\out\\server\\src\\server.js:68:3533\n    at c:\\Users\\Franco\\.vscode\\extensions\\uqbar.wollok-lsp-ide-0.3.5\\out\\server\\src\\server.js:68:5372\n    at c:\\Users\\Franco\\.vscode\\extensions\\uqbar.wollok-lsp-ide-0.3.5\\out\\server\\src\\server.js:38:6056\n    at c:\\Users\\Franco\\.vscode\\extensions\\uqbar.wollok-lsp-ide-0.3.5\\out\\server\\src\\server.js:68:3612\n    at iln (c:\\Users\\Franco\\.vscode\\extensions\\uqbar.wollok-lsp-ide-0.3.5\\out\\server\\src\\server.js:68:3344)\n    at c:\\Users\\Franco\\.vscode\\extensions\\uqbar.wollok-lsp-ide-0.3.5\\out\\server\\src\\server.js:2275:847\n    at c:\\Users\\Franco\\.vscode\\extensions\\uqbar.wollok-lsp-ide-0.3.5\\out\\server\\src\\server.js:2288:3774\n    at c:\\Users\\Franco\\.vscode\\extensions\\uqbar.wollok-lsp-ide-0.3.5\\out\\server\\src\\server.js:37:74770\n    at Fe (c:\\Users\\Franco\\.vscode\\extensions\\uqbar.wollok-lsp-ide-0.3.5\\out\\server\\src\\server.js:7:8527)\n    at Pt (c:\\Users\\Franco\\.vscode\\extensions\\uqbar.wollok-lsp-ide-0.3.5\\out\\server\\src\\server.js:7:6189)","timestamp":"2024-10-07T03:27:21.994Z"}
{"level":"info","message":"⌛ Building environment","timeElapsed":106,"timestamp":"2024-10-07T03:27:24.108Z"}
{"level":"info","message":"⌛ Validating mercados.wlk","timeElapsed":134,"timestamp":"2024-10-07T03:27:24.276Z"}
{"level":"info","message":"⌛ Building environment","timeElapsed":113,"timestamp":"2024-10-07T03:27:24.390Z"}
{"level":"info","message":"⌛ Building environment","timeElapsed":129,"timestamp":"2024-10-07T03:27:24.520Z"}
{"level":"info","message":"⌛ Validating mercados.wlk","timeElapsed":144,"timestamp":"2024-10-07T03:27:24.671Z"}
{"level":"info","message":"⌛ Validating mercados.wlk","timeElapsed":155,"timestamp":"2024-10-07T03:27:24.826Z"}
{"level":"info","message":"⌛ Building environment","timeElapsed":106,"timestamp":"2024-10-07T03:27:25.244Z"}
{"level":"info","message":"⌛ Validating mercados.wlk","timeElapsed":157,"timestamp":"2024-10-07T03:27:25.433Z"}
{"level":"info","message":"⌛ Building environment","timeElapsed":102,"timestamp":"2024-10-07T03:27:25.650Z"}
{"level":"info","message":"⌛ Validating mercados.wlk","timeElapsed":155,"timestamp":"2024-10-07T03:27:25.837Z"}
{"level":"info","message":"onRequest - completionItem/resolve","timestamp":"2024-10-07T03:27:25.838Z"}
